2022-02-11 00:26:59,375| INFO Microsoft.Hosting.Lifetime 
Application started. Press Ctrl+C to shut down.
--------------------------------
2022-02-11 00:26:59,381| INFO Microsoft.Hosting.Lifetime 
Hosting environment: Production
--------------------------------
2022-02-11 00:26:59,381| INFO Microsoft.Hosting.Lifetime 
Content root path: H:\桌面\NewProject\ShowTimeCode\ShowTimeCode\bin\Release\net6.0\publish\
--------------------------------
2022-02-11 01:08:31,017| INFO Microsoft.Hosting.Lifetime 
Application is shutting down...
--------------------------------
2022-02-11 04:41:49,986| INFO Microsoft.Hosting.Lifetime 
Application started. Press Ctrl+C to shut down.
--------------------------------
2022-02-11 04:41:49,992| INFO Microsoft.Hosting.Lifetime 
Hosting environment: Production
--------------------------------
2022-02-11 04:41:49,993| INFO Microsoft.Hosting.Lifetime 
Content root path: H:\桌面\NewProject\ShowTimeCode\ShowTimeCode\bin\Release\net6.0\publish\
--------------------------------
2022-02-11 05:54:49,364| INFO Microsoft.Hosting.Lifetime 
Application is shutting down...
--------------------------------
