2022-02-16 00:09:00,181| INFO Microsoft.Hosting.Lifetime 
Application started. Press Ctrl+C to shut down.
--------------------------------
2022-02-16 00:09:00,189| INFO Microsoft.Hosting.Lifetime 
Hosting environment: Production
--------------------------------
2022-02-16 00:09:00,189| INFO Microsoft.Hosting.Lifetime 
Content root path: H:\桌面\NewProject\ShowTimeCode\ShowTimeCode\bin\Release\net6.0\publish\
--------------------------------
2022-02-16 00:48:59,568| INFO Microsoft.Hosting.Lifetime 
Application is shutting down...
--------------------------------
2022-02-16 00:49:53,633| INFO Microsoft.Hosting.Lifetime 
Application started. Press Ctrl+C to shut down.
--------------------------------
2022-02-16 00:49:53,637| INFO Microsoft.Hosting.Lifetime 
Hosting environment: Production
--------------------------------
2022-02-16 00:49:53,638| INFO Microsoft.Hosting.Lifetime 
Content root path: H:\桌面\NewProject\ShowTimeCode\ShowTimeCode\bin\Release\net6.0\publish\
--------------------------------
2022-02-16 01:27:53,046| INFO Microsoft.Hosting.Lifetime 
Application is shutting down...
--------------------------------
2022-02-16 04:30:36,672| INFO Microsoft.Hosting.Lifetime 
Application started. Press Ctrl+C to shut down.
--------------------------------
2022-02-16 04:30:36,677| INFO Microsoft.Hosting.Lifetime 
Hosting environment: Production
--------------------------------
2022-02-16 04:30:36,678| INFO Microsoft.Hosting.Lifetime 
Content root path: H:\桌面\NewProject\ShowTimeCode\ShowTimeCode\bin\Release\net6.0\publish\
--------------------------------
2022-02-16 04:34:06,767| INFO Microsoft.Hosting.Lifetime 
Application is shutting down...
--------------------------------
2022-02-16 04:36:42,000| INFO Microsoft.Hosting.Lifetime 
Application started. Press Ctrl+C to shut down.
--------------------------------
2022-02-16 04:36:42,005| INFO Microsoft.Hosting.Lifetime 
Hosting environment: Production
--------------------------------
2022-02-16 04:36:42,005| INFO Microsoft.Hosting.Lifetime 
Content root path: H:\桌面\NewProject\ShowTimeCode\ShowTimeCode\bin\Release\net6.0\publish\
--------------------------------
2022-02-16 05:19:41,412| INFO Microsoft.Hosting.Lifetime 
Application is shutting down...
--------------------------------
2022-02-16 05:32:24,283| INFO Microsoft.Hosting.Lifetime 
Application started. Press Ctrl+C to shut down.
--------------------------------
2022-02-16 05:32:24,288| INFO Microsoft.Hosting.Lifetime 
Hosting environment: Production
--------------------------------
2022-02-16 05:32:24,288| INFO Microsoft.Hosting.Lifetime 
Content root path: H:\桌面\NewProject\ShowTimeCode\ShowTimeCode\bin\Release\net6.0\publish\
--------------------------------
2022-02-16 06:06:23,592| INFO Microsoft.Hosting.Lifetime 
Application is shutting down...
--------------------------------
