2022-01-19 14:52:16,931| INFO Microsoft.Hosting.Lifetime 
Application started. Press Ctrl+C to shut down.
--------------------------------
2022-01-19 14:52:16,946| INFO Microsoft.Hosting.Lifetime 
Hosting environment: Production
--------------------------------
2022-01-19 14:52:16,946| INFO Microsoft.Hosting.Lifetime 
Content root path: H:\桌面\NewProject\ShowTimeCode\ShowTimeCode\bin\Release\net6.0\publish\
--------------------------------
2022-01-19 14:54:14,567| INFO Microsoft.Hosting.Lifetime 
Application is shutting down...
--------------------------------
2022-01-19 14:56:26,973| INFO Microsoft.Hosting.Lifetime 
Application started. Press Ctrl+C to shut down.
--------------------------------
2022-01-19 14:56:26,982| INFO Microsoft.Hosting.Lifetime 
Hosting environment: Production
--------------------------------
2022-01-19 14:56:26,982| INFO Microsoft.Hosting.Lifetime 
Content root path: H:\桌面\NewProject\ShowTimeCode\ShowTimeCode\bin\Release\net6.0\publish\
--------------------------------
2022-01-19 15:18:14,628| INFO Microsoft.Hosting.Lifetime 
Application is shutting down...
--------------------------------
