2022-02-17 13:46:00,217| INFO Microsoft.Hosting.Lifetime 
Application started. Press Ctrl+C to shut down.
--------------------------------
2022-02-17 13:46:00,222| INFO Microsoft.Hosting.Lifetime 
Hosting environment: Production
--------------------------------
2022-02-17 13:46:00,222| INFO Microsoft.Hosting.Lifetime 
Content root path: H:\桌面\NewProject\ShowTimeCode\ShowTimeCode\bin\Release\net6.0\publish\
--------------------------------
2022-02-17 13:50:19,120| INFO Microsoft.Hosting.Lifetime 
Application is shutting down...
--------------------------------
2022-02-17 23:28:45,201| INFO Microsoft.Hosting.Lifetime 
Application started. Press Ctrl+C to shut down.
--------------------------------
2022-02-17 23:28:45,206| INFO Microsoft.Hosting.Lifetime 
Hosting environment: Production
--------------------------------
2022-02-17 23:28:45,206| INFO Microsoft.Hosting.Lifetime 
Content root path: H:\桌面\NewProject\ShowTimeCode\ShowTimeCode\bin\Release\net6.0\publish\
--------------------------------
2022-02-17 23:29:16,563| INFO Microsoft.Hosting.Lifetime 
Application is shutting down...
--------------------------------
2022-02-17 23:29:55,402| INFO Microsoft.Hosting.Lifetime 
Application started. Press Ctrl+C to shut down.
--------------------------------
2022-02-17 23:29:55,407| INFO Microsoft.Hosting.Lifetime 
Hosting environment: Production
--------------------------------
2022-02-17 23:29:55,408| INFO Microsoft.Hosting.Lifetime 
Content root path: H:\桌面\NewProject\ShowTimeCode\ShowTimeCode\bin\Release\net6.0\publish\
--------------------------------
2022-02-17 23:51:16,639| INFO Microsoft.Hosting.Lifetime 
Application is shutting down...
--------------------------------
