2022-02-06 16:42:05,711| INFO Microsoft.Hosting.Lifetime 
Application started. Press Ctrl+C to shut down.
--------------------------------
2022-02-06 16:42:05,718| INFO Microsoft.Hosting.Lifetime 
Hosting environment: Production
--------------------------------
2022-02-06 16:42:05,719| INFO Microsoft.Hosting.Lifetime 
Content root path: H:\桌面\NewProject\ShowTimeCode\ShowTimeCode\bin\Release\net6.0\publish\
--------------------------------
2022-02-06 16:59:51,641| INFO Microsoft.Hosting.Lifetime 
Application is shutting down...
--------------------------------
2022-02-06 17:00:32,334| INFO Microsoft.Hosting.Lifetime 
Application started. Press Ctrl+C to shut down.
--------------------------------
2022-02-06 17:00:32,339| INFO Microsoft.Hosting.Lifetime 
Hosting environment: Production
--------------------------------
2022-02-06 17:00:32,340| INFO Microsoft.Hosting.Lifetime 
Content root path: H:\桌面\NewProject\ShowTimeCode\ShowTimeCode\bin\Release\net6.0\publish\
--------------------------------
2022-02-06 19:33:45,067| INFO Microsoft.Hosting.Lifetime 
Application is shutting down...
--------------------------------
2022-02-06 22:24:53,696| INFO Microsoft.Hosting.Lifetime 
Application started. Press Ctrl+C to shut down.
--------------------------------
2022-02-06 22:24:53,701| INFO Microsoft.Hosting.Lifetime 
Hosting environment: Production
--------------------------------
2022-02-06 22:24:53,702| INFO Microsoft.Hosting.Lifetime 
Content root path: H:\桌面\NewProject\ShowTimeCode\ShowTimeCode\bin\Release\net6.0\publish\
--------------------------------
2022-02-06 22:55:53,056| INFO Microsoft.Hosting.Lifetime 
Application is shutting down...
--------------------------------
