2022-02-14 00:16:02,212| INFO Microsoft.Hosting.Lifetime 
Application started. Press Ctrl+C to shut down.
--------------------------------
2022-02-14 00:16:02,217| INFO Microsoft.Hosting.Lifetime 
Hosting environment: Production
--------------------------------
2022-02-14 00:16:02,218| INFO Microsoft.Hosting.Lifetime 
Content root path: H:\桌面\NewProject\ShowTimeCode\ShowTimeCode\bin\Release\net6.0\publish\
--------------------------------
2022-02-14 00:44:59,864| INFO Microsoft.Hosting.Lifetime 
Application is shutting down...
--------------------------------
2022-02-14 00:48:43,832| INFO Microsoft.Hosting.Lifetime 
Application started. Press Ctrl+C to shut down.
--------------------------------
2022-02-14 00:48:43,839| INFO Microsoft.Hosting.Lifetime 
Hosting environment: Production
--------------------------------
2022-02-14 00:48:43,840| INFO Microsoft.Hosting.Lifetime 
Content root path: H:\桌面\NewProject\ShowTimeCode\ShowTimeCode\bin\Release\net6.0\publish\
--------------------------------
2022-02-14 00:49:57,041| INFO Microsoft.Hosting.Lifetime 
Application is shutting down...
--------------------------------
2022-02-14 00:50:23,442| INFO Microsoft.Hosting.Lifetime 
Application started. Press Ctrl+C to shut down.
--------------------------------
2022-02-14 00:50:23,453| INFO Microsoft.Hosting.Lifetime 
Hosting environment: Production
--------------------------------
2022-02-14 00:50:23,454| INFO Microsoft.Hosting.Lifetime 
Content root path: H:\桌面\NewProject\ShowTimeCode\ShowTimeCode\bin\Release\net6.0\publish\
--------------------------------
2022-02-14 01:47:57,114| INFO Microsoft.Hosting.Lifetime 
Application is shutting down...
--------------------------------
2022-02-14 18:54:32,159| INFO Microsoft.Hosting.Lifetime 
Application started. Press Ctrl+C to shut down.
--------------------------------
2022-02-14 18:54:32,165| INFO Microsoft.Hosting.Lifetime 
Hosting environment: Production
--------------------------------
2022-02-14 18:54:32,165| INFO Microsoft.Hosting.Lifetime 
Content root path: H:\桌面\NewProject\ShowTimeCode\ShowTimeCode\bin\Release\net6.0\publish\
--------------------------------
2022-02-14 20:16:31,497| INFO Microsoft.Hosting.Lifetime 
Application is shutting down...
--------------------------------
