2022-01-27 02:01:39,385| INFO Microsoft.Hosting.Lifetime 
Application started. Press Ctrl+C to shut down.
--------------------------------
2022-01-27 02:01:39,391| INFO Microsoft.Hosting.Lifetime 
Hosting environment: Production
--------------------------------
2022-01-27 02:01:39,392| INFO Microsoft.Hosting.Lifetime 
Content root path: H:\桌面\NewProject\ShowTimeCode\ShowTimeCode\bin\Release\net6.0\publish\
--------------------------------
2022-01-27 02:22:38,070| INFO Microsoft.Hosting.Lifetime 
Application is shutting down...
--------------------------------
2022-01-27 02:35:55,456| INFO Microsoft.Hosting.Lifetime 
Application started. Press Ctrl+C to shut down.
--------------------------------
2022-01-27 02:35:55,464| INFO Microsoft.Hosting.Lifetime 
Hosting environment: Production
--------------------------------
2022-01-27 02:35:55,464| INFO Microsoft.Hosting.Lifetime 
Content root path: H:\桌面\NewProject\ShowTimeCode\ShowTimeCode\bin\Release\net6.0\publish\
--------------------------------
2022-01-27 02:41:24,699| INFO Microsoft.Hosting.Lifetime 
Application is shutting down...
--------------------------------
2022-01-27 02:45:01,421| INFO Microsoft.Hosting.Lifetime 
Application started. Press Ctrl+C to shut down.
--------------------------------
2022-01-27 02:45:01,421| INFO Microsoft.Hosting.Lifetime 
Application is shutting down...
--------------------------------
2022-01-27 02:45:01,428| INFO Microsoft.Hosting.Lifetime 
Hosting environment: Production
--------------------------------
2022-01-27 02:45:01,429| INFO Microsoft.Hosting.Lifetime 
Content root path: H:\桌面\NewProject\ShowTimeCode\ShowTimeCode\bin\Release\net6.0\publish\
--------------------------------
2022-01-27 02:45:04,772| INFO Microsoft.Hosting.Lifetime 
Application started. Press Ctrl+C to shut down.
--------------------------------
2022-01-27 02:45:04,779| INFO Microsoft.Hosting.Lifetime 
Hosting environment: Production
--------------------------------
2022-01-27 02:45:04,779| INFO Microsoft.Hosting.Lifetime 
Content root path: H:\桌面\NewProject\ShowTimeCode\ShowTimeCode\bin\Release\net6.0\publish\
--------------------------------
2022-01-27 02:49:50,277| INFO Microsoft.Hosting.Lifetime 
Application is shutting down...
--------------------------------
2022-01-27 02:50:29,204| INFO Microsoft.Hosting.Lifetime 
Application started. Press Ctrl+C to shut down.
--------------------------------
2022-01-27 02:50:29,211| INFO Microsoft.Hosting.Lifetime 
Hosting environment: Production
--------------------------------
2022-01-27 02:50:29,211| INFO Microsoft.Hosting.Lifetime 
Content root path: H:\桌面\NewProject\ShowTimeCode\ShowTimeCode\bin\Release\net6.0\publish\
--------------------------------
2022-01-27 03:14:34,370| INFO Microsoft.Hosting.Lifetime 
Application is shutting down...
--------------------------------
2022-01-27 03:15:03,294| INFO Microsoft.Hosting.Lifetime 
Application started. Press Ctrl+C to shut down.
--------------------------------
2022-01-27 03:15:03,302| INFO Microsoft.Hosting.Lifetime 
Hosting environment: Production
--------------------------------
2022-01-27 03:15:03,303| INFO Microsoft.Hosting.Lifetime 
Content root path: H:\桌面\NewProject\ShowTimeCode\ShowTimeCode\bin\Release\net6.0\publish\
--------------------------------
2022-01-27 04:13:32,198| INFO Microsoft.Hosting.Lifetime 
Application is shutting down...
--------------------------------
2022-01-27 05:20:52,282| INFO Microsoft.Hosting.Lifetime 
Application started. Press Ctrl+C to shut down.
--------------------------------
2022-01-27 05:20:52,287| INFO Microsoft.Hosting.Lifetime 
Hosting environment: Production
--------------------------------
2022-01-27 05:20:52,287| INFO Microsoft.Hosting.Lifetime 
Content root path: H:\桌面\NewProject\ShowTimeCode\ShowTimeCode\bin\Release\net6.0\publish\
--------------------------------
2022-01-27 05:23:35,017| INFO Microsoft.Hosting.Lifetime 
Application is shutting down...
--------------------------------
2022-01-27 05:37:55,590| INFO Microsoft.Hosting.Lifetime 
Application started. Press Ctrl+C to shut down.
--------------------------------
2022-01-27 05:37:55,600| INFO Microsoft.Hosting.Lifetime 
Hosting environment: Production
--------------------------------
2022-01-27 05:37:55,600| INFO Microsoft.Hosting.Lifetime 
Content root path: H:\桌面\NewProject\ShowTimeCode\ShowTimeCode\bin\Release\net6.0\publish\
--------------------------------
2022-01-27 06:15:35,072| INFO Microsoft.Hosting.Lifetime 
Application is shutting down...
--------------------------------
