2022-02-04 13:15:25,901| INFO Microsoft.Hosting.Lifetime 
Application started. Press Ctrl+C to shut down.
--------------------------------
2022-02-04 13:15:25,906| INFO Microsoft.Hosting.Lifetime 
Hosting environment: Production
--------------------------------
2022-02-04 13:15:25,907| INFO Microsoft.Hosting.Lifetime 
Content root path: H:\桌面\NewProject\ShowTimeCode\ShowTimeCode\bin\Release\net6.0\publish\
--------------------------------
2022-02-04 13:17:29,271| INFO Microsoft.Hosting.Lifetime 
Application is shutting down...
--------------------------------
2022-02-04 13:17:48,875| INFO Microsoft.Hosting.Lifetime 
Application started. Press Ctrl+C to shut down.
--------------------------------
2022-02-04 13:17:48,884| INFO Microsoft.Hosting.Lifetime 
Hosting environment: Production
--------------------------------
2022-02-04 13:17:48,884| INFO Microsoft.Hosting.Lifetime 
Content root path: H:\桌面\NewProject\ShowTimeCode\ShowTimeCode\bin\Release\net6.0\publish\
--------------------------------
2022-02-04 13:38:29,350| INFO Microsoft.Hosting.Lifetime 
Application is shutting down...
--------------------------------
2022-02-04 13:44:59,744| INFO Microsoft.Hosting.Lifetime 
Application started. Press Ctrl+C to shut down.
--------------------------------
2022-02-04 13:44:59,751| INFO Microsoft.Hosting.Lifetime 
Hosting environment: Production
--------------------------------
2022-02-04 13:44:59,751| INFO Microsoft.Hosting.Lifetime 
Content root path: H:\桌面\NewProject\ShowTimeCode\ShowTimeCode\bin\Release\net6.0\publish\
--------------------------------
2022-02-04 14:05:59,040| INFO Microsoft.Hosting.Lifetime 
Application is shutting down...
--------------------------------
2022-02-04 14:11:47,749| INFO Microsoft.Hosting.Lifetime 
Application started. Press Ctrl+C to shut down.
--------------------------------
2022-02-04 14:11:47,753| INFO Microsoft.Hosting.Lifetime 
Hosting environment: Production
--------------------------------
2022-02-04 14:11:47,754| INFO Microsoft.Hosting.Lifetime 
Content root path: H:\桌面\NewProject\ShowTimeCode\ShowTimeCode\bin\Release\net6.0\publish\
--------------------------------
2022-02-04 15:13:47,076| INFO Microsoft.Hosting.Lifetime 
Application is shutting down...
--------------------------------
2022-02-04 19:35:46,331| INFO Microsoft.Hosting.Lifetime 
Application started. Press Ctrl+C to shut down.
--------------------------------
2022-02-04 19:35:46,337| INFO Microsoft.Hosting.Lifetime 
Hosting environment: Production
--------------------------------
2022-02-04 19:35:46,337| INFO Microsoft.Hosting.Lifetime 
Content root path: H:\桌面\NewProject\ShowTimeCode\ShowTimeCode\bin\Release\net6.0\publish\
--------------------------------
2022-02-04 19:56:45,725| INFO Microsoft.Hosting.Lifetime 
Application is shutting down...
--------------------------------
2022-02-04 23:28:01,186| INFO Microsoft.Hosting.Lifetime 
Application started. Press Ctrl+C to shut down.
--------------------------------
2022-02-04 23:28:01,191| INFO Microsoft.Hosting.Lifetime 
Hosting environment: Production
--------------------------------
2022-02-04 23:28:01,191| INFO Microsoft.Hosting.Lifetime 
Content root path: H:\桌面\NewProject\ShowTimeCode\ShowTimeCode\bin\Release\net6.0\publish\
--------------------------------
