2022-03-07 00:18:57,524| INFO Microsoft.Hosting.Lifetime 
Application is shutting down...
--------------------------------
2022-03-07 01:00:44,664| INFO Microsoft.Hosting.Lifetime 
Application started. Press Ctrl+C to shut down.
--------------------------------
2022-03-07 01:00:44,672| INFO Microsoft.Hosting.Lifetime 
Hosting environment: Production
--------------------------------
2022-03-07 01:00:44,672| INFO Microsoft.Hosting.Lifetime 
Content root path: H:\桌面\NewProject\ShowTimeCode\ShowTimeCode\bin\Release\net6.0\publish\
--------------------------------
2022-03-07 01:10:19,216| INFO Microsoft.Hosting.Lifetime 
Application is shutting down...
--------------------------------
2022-03-07 01:16:53,652| INFO Microsoft.Hosting.Lifetime 
Application started. Press Ctrl+C to shut down.
--------------------------------
2022-03-07 01:16:53,668| INFO Microsoft.Hosting.Lifetime 
Hosting environment: Production
--------------------------------
2022-03-07 01:16:53,669| INFO Microsoft.Hosting.Lifetime 
Content root path: H:\桌面\NewProject\ShowTimeCode\ShowTimeCode\bin\Release\net6.0\publish\
--------------------------------
2022-03-07 01:29:44,391| INFO Microsoft.Hosting.Lifetime 
Application is shutting down...
--------------------------------
2022-03-07 01:30:10,261| INFO Microsoft.Hosting.Lifetime 
Application started. Press Ctrl+C to shut down.
--------------------------------
2022-03-07 01:30:10,276| INFO Microsoft.Hosting.Lifetime 
Hosting environment: Production
--------------------------------
2022-03-07 01:30:10,277| INFO Microsoft.Hosting.Lifetime 
Content root path: H:\桌面\NewProject\ShowTimeCode\ShowTimeCode\bin\Release\net6.0\publish\
--------------------------------
2022-03-07 01:56:13,887| INFO Microsoft.Hosting.Lifetime 
Application is shutting down...
--------------------------------
