2022-02-08 20:16:56,410| INFO Microsoft.Hosting.Lifetime 
Application started. Press Ctrl+C to shut down.
--------------------------------
2022-02-08 20:16:56,415| INFO Microsoft.Hosting.Lifetime 
Hosting environment: Production
--------------------------------
2022-02-08 20:16:56,416| INFO Microsoft.Hosting.Lifetime 
Content root path: H:\桌面\NewProject\ShowTimeCode\ShowTimeCode\bin\Release\net6.0\publish\
--------------------------------
2022-02-08 20:38:55,627| INFO Microsoft.Hosting.Lifetime 
Application is shutting down...
--------------------------------
2022-02-08 20:40:20,271| INFO Microsoft.Hosting.Lifetime 
Application started. Press Ctrl+C to shut down.
--------------------------------
2022-02-08 20:40:20,281| INFO Microsoft.Hosting.Lifetime 
Hosting environment: Production
--------------------------------
2022-02-08 20:40:20,282| INFO Microsoft.Hosting.Lifetime 
Content root path: H:\桌面\NewProject\ShowTimeCode\ShowTimeCode\bin\Release\net6.0\publish\
--------------------------------
2022-02-08 21:07:19,405| INFO Microsoft.Hosting.Lifetime 
Application is shutting down...
--------------------------------
