2022-01-31 15:49:53,461| INFO Microsoft.Hosting.Lifetime 
Application started. Press Ctrl+C to shut down.
--------------------------------
2022-01-31 15:49:53,466| INFO Microsoft.Hosting.Lifetime 
Hosting environment: Production
--------------------------------
2022-01-31 15:49:53,467| INFO Microsoft.Hosting.Lifetime 
Content root path: H:\桌面\NewProject\ShowTimeCode\ShowTimeCode\bin\Release\net6.0\publish\
--------------------------------
2022-01-31 16:37:52,406| INFO Microsoft.Hosting.Lifetime 
Application is shutting down...
--------------------------------
2022-01-31 16:55:31,404| INFO Microsoft.Hosting.Lifetime 
Application started. Press Ctrl+C to shut down.
--------------------------------
2022-01-31 16:55:31,410| INFO Microsoft.Hosting.Lifetime 
Hosting environment: Production
--------------------------------
2022-01-31 16:55:31,411| INFO Microsoft.Hosting.Lifetime 
Content root path: H:\桌面\NewProject\ShowTimeCode\ShowTimeCode\bin\Release\net6.0\publish\
--------------------------------
2022-01-31 17:21:30,757| INFO Microsoft.Hosting.Lifetime 
Application is shutting down...
--------------------------------
