2022-02-10 00:20:01,780| INFO Microsoft.Hosting.Lifetime 
Application started. Press Ctrl+C to shut down.
--------------------------------
2022-02-10 00:20:01,785| INFO Microsoft.Hosting.Lifetime 
Hosting environment: Production
--------------------------------
2022-02-10 00:20:01,786| INFO Microsoft.Hosting.Lifetime 
Content root path: H:\桌面\NewProject\ShowTimeCode\ShowTimeCode\bin\Release\net6.0\publish\
--------------------------------
2022-02-10 00:48:02,881| INFO Microsoft.Hosting.Lifetime 
Application is shutting down...
--------------------------------
2022-02-10 21:19:39,504| INFO Microsoft.Hosting.Lifetime 
Application started. Press Ctrl+C to shut down.
--------------------------------
2022-02-10 21:19:39,511| INFO Microsoft.Hosting.Lifetime 
Hosting environment: Production
--------------------------------
2022-02-10 21:19:39,512| INFO Microsoft.Hosting.Lifetime 
Content root path: H:\桌面\NewProject\ShowTimeCode\ShowTimeCode\bin\Release\net6.0\publish\
--------------------------------
2022-02-10 23:20:53,734| INFO Microsoft.Hosting.Lifetime 
Application is shutting down...
--------------------------------
