2022-03-27 19:27:19,241| INFO Microsoft.Hosting.Lifetime 
Now listening on: http://localhost:5140
--------------------------------
2022-03-27 19:27:19,253| INFO Microsoft.Hosting.Lifetime 
Application started. Press Ctrl+C to shut down.
--------------------------------
2022-03-27 19:27:19,255| INFO Microsoft.Hosting.Lifetime 
Hosting environment: Development
--------------------------------
2022-03-27 19:27:19,256| INFO Microsoft.Hosting.Lifetime 
Content root path: H:\桌面\ShowTimeCode\ShowTimeCode\
--------------------------------
2022-03-27 19:33:26,057| INFO Microsoft.Hosting.Lifetime 
Now listening on: http://localhost:5140
--------------------------------
2022-03-27 19:33:26,083| INFO Microsoft.Hosting.Lifetime 
Application started. Press Ctrl+C to shut down.
--------------------------------
2022-03-27 19:33:26,088| INFO Microsoft.Hosting.Lifetime 
Hosting environment: Development
--------------------------------
2022-03-27 19:33:26,099| INFO Microsoft.Hosting.Lifetime 
Content root path: H:\桌面\ShowTimeCode\ShowTimeCode\
--------------------------------
2022-03-27 19:34:43,945| INFO Microsoft.Hosting.Lifetime 
Now listening on: http://localhost:5140
--------------------------------
2022-03-27 19:34:43,954| INFO Microsoft.Hosting.Lifetime 
Application started. Press Ctrl+C to shut down.
--------------------------------
2022-03-27 19:34:43,955| INFO Microsoft.Hosting.Lifetime 
Hosting environment: Development
--------------------------------
2022-03-27 19:34:43,957| INFO Microsoft.Hosting.Lifetime 
Content root path: H:\桌面\ShowTimeCode\ShowTimeCode\
--------------------------------
2022-03-27 19:48:39,344| INFO Microsoft.Hosting.Lifetime 
Now listening on: http://localhost:5140
--------------------------------
2022-03-27 19:48:39,393| INFO Microsoft.Hosting.Lifetime 
Application started. Press Ctrl+C to shut down.
--------------------------------
2022-03-27 19:48:39,397| INFO Microsoft.Hosting.Lifetime 
Hosting environment: Development
--------------------------------
2022-03-27 19:48:39,399| INFO Microsoft.Hosting.Lifetime 
Content root path: H:\桌面\ShowTimeCode\ShowTimeCode\
--------------------------------
2022-03-27 19:51:22,678| INFO Microsoft.Hosting.Lifetime 
Now listening on: http://localhost:5140
--------------------------------
2022-03-27 19:51:22,686| INFO Microsoft.Hosting.Lifetime 
Application started. Press Ctrl+C to shut down.
--------------------------------
2022-03-27 19:51:22,688| INFO Microsoft.Hosting.Lifetime 
Hosting environment: Development
--------------------------------
2022-03-27 19:51:22,690| INFO Microsoft.Hosting.Lifetime 
Content root path: H:\桌面\ShowTimeCode\ShowTimeCode\
--------------------------------
2022-03-27 19:59:14,391| INFO Microsoft.Hosting.Lifetime 
Now listening on: http://localhost:5140
--------------------------------
2022-03-27 19:59:14,400| INFO Microsoft.Hosting.Lifetime 
Application started. Press Ctrl+C to shut down.
--------------------------------
2022-03-27 19:59:14,402| INFO Microsoft.Hosting.Lifetime 
Hosting environment: Development
--------------------------------
2022-03-27 19:59:14,410| INFO Microsoft.Hosting.Lifetime 
Content root path: H:\桌面\ShowTimeCode\ShowTimeCode\
--------------------------------
