2022-04-01 00:01:31,337| INFO Microsoft.Hosting.Lifetime 
Now listening on: http://localhost:5140
--------------------------------
2022-04-01 00:01:31,344| INFO Microsoft.Hosting.Lifetime 
Application started. Press Ctrl+C to shut down.
--------------------------------
2022-04-01 00:01:31,345| INFO Microsoft.Hosting.Lifetime 
Hosting environment: Development
--------------------------------
2022-04-01 00:01:31,347| INFO Microsoft.Hosting.Lifetime 
Content root path: H:\桌面\ShowTimeCodeEnd\ShowTimeCode\
--------------------------------
2022-04-01 00:06:56,307| INFO Microsoft.Hosting.Lifetime 
Now listening on: http://localhost:5140
--------------------------------
2022-04-01 00:06:56,325| INFO Microsoft.Hosting.Lifetime 
Application started. Press Ctrl+C to shut down.
--------------------------------
2022-04-01 00:06:56,329| INFO Microsoft.Hosting.Lifetime 
Hosting environment: Development
--------------------------------
2022-04-01 00:06:56,330| INFO Microsoft.Hosting.Lifetime 
Content root path: H:\桌面\ShowTimeCodeEnd\ShowTimeCode\
--------------------------------
2022-04-01 00:07:39,128| INFO Microsoft.Hosting.Lifetime 
Now listening on: http://localhost:5140
--------------------------------
2022-04-01 00:07:39,137| INFO Microsoft.Hosting.Lifetime 
Application started. Press Ctrl+C to shut down.
--------------------------------
2022-04-01 00:07:39,139| INFO Microsoft.Hosting.Lifetime 
Hosting environment: Development
--------------------------------
2022-04-01 00:07:39,140| INFO Microsoft.Hosting.Lifetime 
Content root path: H:\桌面\ShowTimeCodeEnd\ShowTimeCode\
--------------------------------
2022-04-01 00:13:27,750| INFO Microsoft.Hosting.Lifetime 
Now listening on: http://localhost:5140
--------------------------------
2022-04-01 00:13:27,759| INFO Microsoft.Hosting.Lifetime 
Application started. Press Ctrl+C to shut down.
--------------------------------
2022-04-01 00:13:27,761| INFO Microsoft.Hosting.Lifetime 
Hosting environment: Development
--------------------------------
2022-04-01 00:13:27,763| INFO Microsoft.Hosting.Lifetime 
Content root path: H:\桌面\ShowTimeCodeEnd\ShowTimeCode\
--------------------------------
2022-04-01 00:17:24,195| INFO Microsoft.Hosting.Lifetime 
Now listening on: http://localhost:5140
--------------------------------
2022-04-01 00:17:24,205| INFO Microsoft.Hosting.Lifetime 
Application started. Press Ctrl+C to shut down.
--------------------------------
2022-04-01 00:17:24,208| INFO Microsoft.Hosting.Lifetime 
Hosting environment: Development
--------------------------------
2022-04-01 00:17:24,212| INFO Microsoft.Hosting.Lifetime 
Content root path: H:\桌面\ShowTimeCodeEnd\ShowTimeCode\
--------------------------------
2022-04-01 13:16:41,654| INFO Microsoft.Hosting.Lifetime 
Now listening on: http://localhost:5140
--------------------------------
2022-04-01 13:16:41,663| INFO Microsoft.Hosting.Lifetime 
Application started. Press Ctrl+C to shut down.
--------------------------------
2022-04-01 13:16:41,666| INFO Microsoft.Hosting.Lifetime 
Hosting environment: Development
--------------------------------
2022-04-01 13:16:41,670| INFO Microsoft.Hosting.Lifetime 
Content root path: H:\桌面\ShowTimeCodeEnd\ShowTimeCode\
--------------------------------
2022-04-01 13:25:08,931| INFO Microsoft.Hosting.Lifetime 
Now listening on: http://localhost:5140
--------------------------------
2022-04-01 13:25:08,939| INFO Microsoft.Hosting.Lifetime 
Application started. Press Ctrl+C to shut down.
--------------------------------
2022-04-01 13:25:08,941| INFO Microsoft.Hosting.Lifetime 
Hosting environment: Development
--------------------------------
2022-04-01 13:25:08,943| INFO Microsoft.Hosting.Lifetime 
Content root path: H:\桌面\ShowTimeCodeEnd\ShowTimeCode\
--------------------------------
2022-04-01 13:27:37,078| INFO Microsoft.Hosting.Lifetime 
Now listening on: http://localhost:5140
--------------------------------
2022-04-01 13:27:37,086| INFO Microsoft.Hosting.Lifetime 
Application started. Press Ctrl+C to shut down.
--------------------------------
2022-04-01 13:27:37,088| INFO Microsoft.Hosting.Lifetime 
Hosting environment: Development
--------------------------------
2022-04-01 13:27:37,089| INFO Microsoft.Hosting.Lifetime 
Content root path: H:\桌面\ShowTimeCodeEnd\ShowTimeCode\
--------------------------------
2022-04-01 13:27:53,707| INFO Microsoft.Hosting.Lifetime 
Now listening on: http://localhost:5140
--------------------------------
2022-04-01 13:27:53,717| INFO Microsoft.Hosting.Lifetime 
Application started. Press Ctrl+C to shut down.
--------------------------------
2022-04-01 13:27:53,719| INFO Microsoft.Hosting.Lifetime 
Hosting environment: Development
--------------------------------
2022-04-01 13:27:53,721| INFO Microsoft.Hosting.Lifetime 
Content root path: H:\桌面\ShowTimeCodeEnd\ShowTimeCode\
--------------------------------
2022-04-01 18:09:58,025| INFO Microsoft.Hosting.Lifetime 
Now listening on: http://localhost:5140
--------------------------------
2022-04-01 18:09:58,035| INFO Microsoft.Hosting.Lifetime 
Application started. Press Ctrl+C to shut down.
--------------------------------
2022-04-01 18:09:58,037| INFO Microsoft.Hosting.Lifetime 
Hosting environment: Development
--------------------------------
2022-04-01 18:09:58,039| INFO Microsoft.Hosting.Lifetime 
Content root path: H:\桌面\ShowTimeCodeEnd\ShowTimeCode\
--------------------------------
