2022-04-26 05:17:48,714| INFO Microsoft.Hosting.Lifetime 
Now listening on: http://localhost:5140
--------------------------------
2022-04-26 05:17:48,728| INFO Microsoft.Hosting.Lifetime 
Application started. Press Ctrl+C to shut down.
--------------------------------
2022-04-26 05:17:48,731| INFO Microsoft.Hosting.Lifetime 
Hosting environment: Development
--------------------------------
2022-04-26 05:17:48,733| INFO Microsoft.Hosting.Lifetime 
Content root path: H:\桌面\ShowTimeCodeEnd\ShowTimeCode\
--------------------------------
2022-04-26 12:58:42,335| INFO Microsoft.Hosting.Lifetime 
Now listening on: http://localhost:5140
--------------------------------
2022-04-26 12:58:42,351| INFO Microsoft.Hosting.Lifetime 
Application started. Press Ctrl+C to shut down.
--------------------------------
2022-04-26 12:58:42,353| INFO Microsoft.Hosting.Lifetime 
Hosting environment: Development
--------------------------------
2022-04-26 12:58:42,355| INFO Microsoft.Hosting.Lifetime 
Content root path: H:\桌面\ShowTimeCodeEnd\ShowTimeCode\
--------------------------------
2022-04-26 13:09:01,170| INFO Microsoft.Hosting.Lifetime 
Now listening on: http://localhost:5140
--------------------------------
2022-04-26 13:09:01,183| INFO Microsoft.Hosting.Lifetime 
Application started. Press Ctrl+C to shut down.
--------------------------------
2022-04-26 13:09:01,185| INFO Microsoft.Hosting.Lifetime 
Hosting environment: Development
--------------------------------
2022-04-26 13:09:01,188| INFO Microsoft.Hosting.Lifetime 
Content root path: H:\桌面\ShowTimeCodeEnd\ShowTimeCode\
--------------------------------
2022-04-26 13:15:54,908| INFO Microsoft.Hosting.Lifetime 
Now listening on: http://localhost:5140
--------------------------------
2022-04-26 13:15:54,917| INFO Microsoft.Hosting.Lifetime 
Application started. Press Ctrl+C to shut down.
--------------------------------
2022-04-26 13:15:54,919| INFO Microsoft.Hosting.Lifetime 
Hosting environment: Development
--------------------------------
2022-04-26 13:15:54,920| INFO Microsoft.Hosting.Lifetime 
Content root path: H:\桌面\ShowTimeCodeEnd\ShowTimeCode\
--------------------------------
2022-04-26 13:20:28,253| INFO Microsoft.Hosting.Lifetime 
Now listening on: http://localhost:5140
--------------------------------
2022-04-26 13:20:28,267| INFO Microsoft.Hosting.Lifetime 
Application started. Press Ctrl+C to shut down.
--------------------------------
2022-04-26 13:20:28,269| INFO Microsoft.Hosting.Lifetime 
Hosting environment: Development
--------------------------------
2022-04-26 13:20:28,271| INFO Microsoft.Hosting.Lifetime 
Content root path: H:\桌面\ShowTimeCodeEnd\ShowTimeCode\
--------------------------------
2022-04-26 13:29:23,655| INFO Microsoft.Hosting.Lifetime 
Now listening on: http://localhost:5140
--------------------------------
2022-04-26 13:29:23,665| INFO Microsoft.Hosting.Lifetime 
Application started. Press Ctrl+C to shut down.
--------------------------------
2022-04-26 13:29:23,667| INFO Microsoft.Hosting.Lifetime 
Hosting environment: Development
--------------------------------
2022-04-26 13:29:23,669| INFO Microsoft.Hosting.Lifetime 
Content root path: H:\桌面\ShowTimeCodeEnd\ShowTimeCode\
--------------------------------
