2022-04-04 15:10:10,692| INFO Microsoft.Hosting.Lifetime 
Now listening on: http://localhost:5140
--------------------------------
2022-04-04 15:10:10,700| INFO Microsoft.Hosting.Lifetime 
Application started. Press Ctrl+C to shut down.
--------------------------------
2022-04-04 15:10:10,701| INFO Microsoft.Hosting.Lifetime 
Hosting environment: Development
--------------------------------
2022-04-04 15:10:10,703| INFO Microsoft.Hosting.Lifetime 
Content root path: H:\桌面\ShowTimeCodeEnd\ShowTimeCode\
--------------------------------
2022-04-04 18:17:04,888| INFO Microsoft.Hosting.Lifetime 
Now listening on: http://localhost:5140
--------------------------------
2022-04-04 18:17:04,897| INFO Microsoft.Hosting.Lifetime 
Application started. Press Ctrl+C to shut down.
--------------------------------
2022-04-04 18:17:04,899| INFO Microsoft.Hosting.Lifetime 
Hosting environment: Development
--------------------------------
2022-04-04 18:17:04,901| INFO Microsoft.Hosting.Lifetime 
Content root path: H:\桌面\ShowTimeCodeEnd\ShowTimeCode\
--------------------------------
2022-04-04 18:43:39,767| INFO Microsoft.Hosting.Lifetime 
Now listening on: http://localhost:5140
--------------------------------
2022-04-04 18:43:39,776| INFO Microsoft.Hosting.Lifetime 
Application started. Press Ctrl+C to shut down.
--------------------------------
2022-04-04 18:43:39,778| INFO Microsoft.Hosting.Lifetime 
Hosting environment: Development
--------------------------------
2022-04-04 18:43:39,780| INFO Microsoft.Hosting.Lifetime 
Content root path: H:\桌面\ShowTimeCodeEnd\ShowTimeCode\
--------------------------------
2022-04-04 18:47:33,714| INFO Microsoft.Hosting.Lifetime 
Now listening on: http://localhost:5140
--------------------------------
2022-04-04 18:47:33,722| INFO Microsoft.Hosting.Lifetime 
Application started. Press Ctrl+C to shut down.
--------------------------------
2022-04-04 18:47:33,725| INFO Microsoft.Hosting.Lifetime 
Hosting environment: Development
--------------------------------
2022-04-04 18:47:33,729| INFO Microsoft.Hosting.Lifetime 
Content root path: H:\桌面\ShowTimeCodeEnd\ShowTimeCode\
--------------------------------
2022-04-04 19:11:28,017| INFO Microsoft.Hosting.Lifetime 
Now listening on: http://localhost:5140
--------------------------------
2022-04-04 19:11:28,026| INFO Microsoft.Hosting.Lifetime 
Application started. Press Ctrl+C to shut down.
--------------------------------
2022-04-04 19:11:28,028| INFO Microsoft.Hosting.Lifetime 
Hosting environment: Development
--------------------------------
2022-04-04 19:11:28,029| INFO Microsoft.Hosting.Lifetime 
Content root path: H:\桌面\ShowTimeCodeEnd\ShowTimeCode\
--------------------------------
2022-04-04 19:50:34,038| INFO Microsoft.Hosting.Lifetime 
Now listening on: http://localhost:5140
--------------------------------
2022-04-04 19:50:34,049| INFO Microsoft.Hosting.Lifetime 
Application started. Press Ctrl+C to shut down.
--------------------------------
2022-04-04 19:50:34,055| INFO Microsoft.Hosting.Lifetime 
Hosting environment: Development
--------------------------------
2022-04-04 19:50:34,057| INFO Microsoft.Hosting.Lifetime 
Content root path: H:\桌面\ShowTimeCodeEnd\ShowTimeCode\
--------------------------------
2022-04-04 20:06:09,641| INFO Microsoft.Hosting.Lifetime 
Now listening on: http://localhost:5140
--------------------------------
2022-04-04 20:06:09,651| INFO Microsoft.Hosting.Lifetime 
Application started. Press Ctrl+C to shut down.
--------------------------------
2022-04-04 20:06:09,653| INFO Microsoft.Hosting.Lifetime 
Hosting environment: Development
--------------------------------
2022-04-04 20:06:09,654| INFO Microsoft.Hosting.Lifetime 
Content root path: H:\桌面\ShowTimeCodeEnd\ShowTimeCode\
--------------------------------
2022-04-04 21:04:14,776| INFO Microsoft.Hosting.Lifetime 
Now listening on: http://localhost:5140
--------------------------------
2022-04-04 21:04:14,787| INFO Microsoft.Hosting.Lifetime 
Application started. Press Ctrl+C to shut down.
--------------------------------
2022-04-04 21:04:14,790| INFO Microsoft.Hosting.Lifetime 
Hosting environment: Development
--------------------------------
2022-04-04 21:04:14,791| INFO Microsoft.Hosting.Lifetime 
Content root path: H:\桌面\ShowTimeCodeEnd\ShowTimeCode\
--------------------------------
2022-04-04 21:05:47,038| INFO Microsoft.Hosting.Lifetime 
Now listening on: http://localhost:5140
--------------------------------
2022-04-04 21:05:47,053| INFO Microsoft.Hosting.Lifetime 
Application started. Press Ctrl+C to shut down.
--------------------------------
2022-04-04 21:05:47,056| INFO Microsoft.Hosting.Lifetime 
Hosting environment: Development
--------------------------------
2022-04-04 21:05:47,058| INFO Microsoft.Hosting.Lifetime 
Content root path: H:\桌面\ShowTimeCodeEnd\ShowTimeCode\
--------------------------------
2022-04-04 21:08:53,310| INFO Microsoft.Hosting.Lifetime 
Now listening on: http://localhost:5140
--------------------------------
2022-04-04 21:08:53,325| INFO Microsoft.Hosting.Lifetime 
Application started. Press Ctrl+C to shut down.
--------------------------------
2022-04-04 21:08:53,328| INFO Microsoft.Hosting.Lifetime 
Hosting environment: Development
--------------------------------
2022-04-04 21:08:53,330| INFO Microsoft.Hosting.Lifetime 
Content root path: H:\桌面\ShowTimeCodeEnd\ShowTimeCode\
--------------------------------
2022-04-04 21:16:46,588| INFO Microsoft.Hosting.Lifetime 
Now listening on: http://localhost:5140
--------------------------------
2022-04-04 21:16:46,600| INFO Microsoft.Hosting.Lifetime 
Application started. Press Ctrl+C to shut down.
--------------------------------
2022-04-04 21:16:46,602| INFO Microsoft.Hosting.Lifetime 
Hosting environment: Development
--------------------------------
2022-04-04 21:16:46,604| INFO Microsoft.Hosting.Lifetime 
Content root path: H:\桌面\ShowTimeCodeEnd\ShowTimeCode\
--------------------------------
