2022-03-24 19:15:09,071| INFO Microsoft.Hosting.Lifetime 
Now listening on: http://localhost:5140
--------------------------------
2022-03-24 19:15:09,080| INFO Microsoft.Hosting.Lifetime 
Application started. Press Ctrl+C to shut down.
--------------------------------
2022-03-24 19:15:09,082| INFO Microsoft.Hosting.Lifetime 
Hosting environment: Development
--------------------------------
2022-03-24 19:15:09,084| INFO Microsoft.Hosting.Lifetime 
Content root path: H:\桌面\ShowTimeCode\ShowTimeCode\
--------------------------------
2022-03-24 19:17:17,216| INFO Microsoft.Hosting.Lifetime 
Now listening on: http://localhost:5140
--------------------------------
2022-03-24 19:17:17,224| INFO Microsoft.Hosting.Lifetime 
Application started. Press Ctrl+C to shut down.
--------------------------------
2022-03-24 19:17:17,229| INFO Microsoft.Hosting.Lifetime 
Hosting environment: Development
--------------------------------
2022-03-24 19:17:17,230| INFO Microsoft.Hosting.Lifetime 
Content root path: H:\桌面\ShowTimeCode\ShowTimeCode\
--------------------------------
2022-03-24 19:49:15,856| INFO Microsoft.Hosting.Lifetime 
Now listening on: http://localhost:5140
--------------------------------
2022-03-24 19:49:15,864| INFO Microsoft.Hosting.Lifetime 
Application started. Press Ctrl+C to shut down.
--------------------------------
2022-03-24 19:49:15,868| INFO Microsoft.Hosting.Lifetime 
Hosting environment: Development
--------------------------------
2022-03-24 19:49:15,872| INFO Microsoft.Hosting.Lifetime 
Content root path: H:\桌面\ShowTimeCode\ShowTimeCode\
--------------------------------
2022-03-24 19:50:45,306| INFO Microsoft.Hosting.Lifetime 
Now listening on: http://localhost:5140
--------------------------------
2022-03-24 19:50:45,318| INFO Microsoft.Hosting.Lifetime 
Application started. Press Ctrl+C to shut down.
--------------------------------
2022-03-24 19:50:45,321| INFO Microsoft.Hosting.Lifetime 
Hosting environment: Development
--------------------------------
2022-03-24 19:50:45,323| INFO Microsoft.Hosting.Lifetime 
Content root path: H:\桌面\ShowTimeCode\ShowTimeCode\
--------------------------------
2022-03-24 19:52:11,339| INFO Microsoft.Hosting.Lifetime 
Now listening on: http://localhost:5140
--------------------------------
2022-03-24 19:52:11,356| INFO Microsoft.Hosting.Lifetime 
Application started. Press Ctrl+C to shut down.
--------------------------------
2022-03-24 19:52:11,361| INFO Microsoft.Hosting.Lifetime 
Hosting environment: Development
--------------------------------
2022-03-24 19:52:11,363| INFO Microsoft.Hosting.Lifetime 
Content root path: H:\桌面\ShowTimeCode\ShowTimeCode\
--------------------------------
2022-03-24 19:53:11,006| INFO Microsoft.Hosting.Lifetime 
Now listening on: http://localhost:5140
--------------------------------
2022-03-24 19:53:11,021| INFO Microsoft.Hosting.Lifetime 
Application started. Press Ctrl+C to shut down.
--------------------------------
2022-03-24 19:53:11,023| INFO Microsoft.Hosting.Lifetime 
Hosting environment: Development
--------------------------------
2022-03-24 19:53:11,025| INFO Microsoft.Hosting.Lifetime 
Content root path: H:\桌面\ShowTimeCode\ShowTimeCode\
--------------------------------
