2022-04-11 00:15:05,292| INFO Microsoft.Hosting.Lifetime 
Now listening on: http://localhost:5140
--------------------------------
2022-04-11 00:15:05,300| INFO Microsoft.Hosting.Lifetime 
Application started. Press Ctrl+C to shut down.
--------------------------------
2022-04-11 00:15:05,302| INFO Microsoft.Hosting.Lifetime 
Hosting environment: Development
--------------------------------
2022-04-11 00:15:05,306| INFO Microsoft.Hosting.Lifetime 
Content root path: H:\桌面\ShowTimeCodeEnd\ShowTimeCode\
--------------------------------
2022-04-11 00:54:10,471| INFO Microsoft.Hosting.Lifetime 
Now listening on: http://localhost:5140
--------------------------------
2022-04-11 00:54:10,480| INFO Microsoft.Hosting.Lifetime 
Application started. Press Ctrl+C to shut down.
--------------------------------
2022-04-11 00:54:10,482| INFO Microsoft.Hosting.Lifetime 
Hosting environment: Development
--------------------------------
2022-04-11 00:54:10,484| INFO Microsoft.Hosting.Lifetime 
Content root path: H:\桌面\ShowTimeCodeEnd\ShowTimeCode\
--------------------------------
2022-04-11 00:54:43,264| INFO Microsoft.Hosting.Lifetime 
Now listening on: http://localhost:5140
--------------------------------
2022-04-11 00:54:43,272| INFO Microsoft.Hosting.Lifetime 
Application started. Press Ctrl+C to shut down.
--------------------------------
2022-04-11 00:54:43,274| INFO Microsoft.Hosting.Lifetime 
Hosting environment: Development
--------------------------------
2022-04-11 00:54:43,275| INFO Microsoft.Hosting.Lifetime 
Content root path: H:\桌面\ShowTimeCodeEnd\ShowTimeCode\
--------------------------------
2022-04-11 01:10:24,107| INFO Microsoft.Hosting.Lifetime 
Now listening on: http://localhost:5140
--------------------------------
2022-04-11 01:10:24,115| INFO Microsoft.Hosting.Lifetime 
Application started. Press Ctrl+C to shut down.
--------------------------------
2022-04-11 01:10:24,116| INFO Microsoft.Hosting.Lifetime 
Hosting environment: Development
--------------------------------
2022-04-11 01:10:24,118| INFO Microsoft.Hosting.Lifetime 
Content root path: H:\桌面\ShowTimeCodeEnd\ShowTimeCode\
--------------------------------
2022-04-11 13:01:17,392| INFO Microsoft.Hosting.Lifetime 
Now listening on: http://localhost:5140
--------------------------------
2022-04-11 13:01:17,401| INFO Microsoft.Hosting.Lifetime 
Application started. Press Ctrl+C to shut down.
--------------------------------
2022-04-11 13:01:17,402| INFO Microsoft.Hosting.Lifetime 
Hosting environment: Development
--------------------------------
2022-04-11 13:01:17,404| INFO Microsoft.Hosting.Lifetime 
Content root path: H:\桌面\ShowTimeCodeEnd\ShowTimeCode\
--------------------------------
2022-04-11 14:55:37,677| INFO Microsoft.Hosting.Lifetime 
Now listening on: http://localhost:5140
--------------------------------
2022-04-11 14:55:37,686| INFO Microsoft.Hosting.Lifetime 
Application started. Press Ctrl+C to shut down.
--------------------------------
2022-04-11 14:55:37,688| INFO Microsoft.Hosting.Lifetime 
Hosting environment: Development
--------------------------------
2022-04-11 14:55:37,689| INFO Microsoft.Hosting.Lifetime 
Content root path: H:\桌面\ShowTimeCodeEnd\ShowTimeCode\
--------------------------------
2022-04-11 23:00:13,418| INFO Microsoft.Hosting.Lifetime 
Now listening on: http://localhost:5140
--------------------------------
2022-04-11 23:00:13,427| INFO Microsoft.Hosting.Lifetime 
Application started. Press Ctrl+C to shut down.
--------------------------------
2022-04-11 23:00:13,428| INFO Microsoft.Hosting.Lifetime 
Hosting environment: Development
--------------------------------
2022-04-11 23:00:13,430| INFO Microsoft.Hosting.Lifetime 
Content root path: H:\桌面\ShowTimeCodeEnd\ShowTimeCode\
--------------------------------
