2022-04-28 12:49:25,646| INFO Microsoft.Hosting.Lifetime 
Now listening on: http://localhost:5140
--------------------------------
2022-04-28 12:49:25,655| INFO Microsoft.Hosting.Lifetime 
Application started. Press Ctrl+C to shut down.
--------------------------------
2022-04-28 12:49:25,657| INFO Microsoft.Hosting.Lifetime 
Hosting environment: Development
--------------------------------
2022-04-28 12:49:25,658| INFO Microsoft.Hosting.Lifetime 
Content root path: H:\桌面\ShowTimeCodeEnd\ShowTimeCode\
--------------------------------
2022-04-28 13:07:07,081| INFO Microsoft.Hosting.Lifetime 
Now listening on: http://localhost:5140
--------------------------------
2022-04-28 13:07:07,092| INFO Microsoft.Hosting.Lifetime 
Application started. Press Ctrl+C to shut down.
--------------------------------
2022-04-28 13:07:07,094| INFO Microsoft.Hosting.Lifetime 
Hosting environment: Development
--------------------------------
2022-04-28 13:07:07,095| INFO Microsoft.Hosting.Lifetime 
Content root path: H:\桌面\ShowTimeCodeEnd\ShowTimeCode\
--------------------------------
2022-04-28 13:12:04,312| INFO Microsoft.Hosting.Lifetime 
Now listening on: http://localhost:5140
--------------------------------
2022-04-28 13:12:04,324| INFO Microsoft.Hosting.Lifetime 
Application started. Press Ctrl+C to shut down.
--------------------------------
2022-04-28 13:12:04,327| INFO Microsoft.Hosting.Lifetime 
Hosting environment: Development
--------------------------------
2022-04-28 13:12:04,330| INFO Microsoft.Hosting.Lifetime 
Content root path: H:\桌面\ShowTimeCodeEnd\ShowTimeCode\
--------------------------------
2022-04-28 13:13:25,942| INFO Microsoft.Hosting.Lifetime 
Now listening on: http://localhost:5140
--------------------------------
2022-04-28 13:13:25,954| INFO Microsoft.Hosting.Lifetime 
Application started. Press Ctrl+C to shut down.
--------------------------------
2022-04-28 13:13:25,956| INFO Microsoft.Hosting.Lifetime 
Hosting environment: Development
--------------------------------
2022-04-28 13:13:25,957| INFO Microsoft.Hosting.Lifetime 
Content root path: H:\桌面\ShowTimeCodeEnd\ShowTimeCode\
--------------------------------
