2022-01-27 03:11:36,257| INFO Microsoft.Hosting.Lifetime 
Now listening on: http://localhost:5140
--------------------------------
2022-01-27 03:11:36,266| INFO Microsoft.Hosting.Lifetime 
Application started. Press Ctrl+C to shut down.
--------------------------------
2022-01-27 03:11:36,269| INFO Microsoft.Hosting.Lifetime 
Hosting environment: Development
--------------------------------
2022-01-27 03:11:36,279| INFO Microsoft.Hosting.Lifetime 
Content root path: H:\桌面\NewProject\ShowTimeCode\ShowTimeCode\
--------------------------------
2022-01-27 03:14:02,980| INFO Microsoft.Hosting.Lifetime 
Now listening on: http://localhost:5140
--------------------------------
2022-01-27 03:14:02,994| INFO Microsoft.Hosting.Lifetime 
Application started. Press Ctrl+C to shut down.
--------------------------------
2022-01-27 03:14:02,996| INFO Microsoft.Hosting.Lifetime 
Hosting environment: Development
--------------------------------
2022-01-27 03:14:02,998| INFO Microsoft.Hosting.Lifetime 
Content root path: H:\桌面\NewProject\ShowTimeCode\ShowTimeCode\
--------------------------------
