2022-04-13 00:36:20,766| INFO Microsoft.Hosting.Lifetime 
Now listening on: http://localhost:5140
--------------------------------
2022-04-13 00:36:20,775| INFO Microsoft.Hosting.Lifetime 
Application started. Press Ctrl+C to shut down.
--------------------------------
2022-04-13 00:36:20,776| INFO Microsoft.Hosting.Lifetime 
Hosting environment: Development
--------------------------------
2022-04-13 00:36:20,778| INFO Microsoft.Hosting.Lifetime 
Content root path: H:\桌面\ShowTimeCodeEnd\ShowTimeCode\
--------------------------------
2022-04-13 00:53:49,951| INFO Microsoft.Hosting.Lifetime 
Now listening on: http://localhost:5140
--------------------------------
2022-04-13 00:53:49,964| INFO Microsoft.Hosting.Lifetime 
Application started. Press Ctrl+C to shut down.
--------------------------------
2022-04-13 00:53:49,966| INFO Microsoft.Hosting.Lifetime 
Hosting environment: Development
--------------------------------
2022-04-13 00:53:49,967| INFO Microsoft.Hosting.Lifetime 
Content root path: H:\桌面\ShowTimeCodeEnd\ShowTimeCode\
--------------------------------
2022-04-13 00:56:00,225| INFO Microsoft.Hosting.Lifetime 
Now listening on: http://localhost:5140
--------------------------------
2022-04-13 00:56:00,238| INFO Microsoft.Hosting.Lifetime 
Application started. Press Ctrl+C to shut down.
--------------------------------
2022-04-13 00:56:00,240| INFO Microsoft.Hosting.Lifetime 
Hosting environment: Development
--------------------------------
2022-04-13 00:56:00,242| INFO Microsoft.Hosting.Lifetime 
Content root path: H:\桌面\ShowTimeCodeEnd\ShowTimeCode\
--------------------------------
2022-04-13 01:04:08,876| INFO Microsoft.Hosting.Lifetime 
Now listening on: http://localhost:5140
--------------------------------
2022-04-13 01:04:08,922| INFO Microsoft.Hosting.Lifetime 
Application started. Press Ctrl+C to shut down.
--------------------------------
2022-04-13 01:04:08,925| INFO Microsoft.Hosting.Lifetime 
Hosting environment: Development
--------------------------------
2022-04-13 01:04:08,928| INFO Microsoft.Hosting.Lifetime 
Content root path: H:\桌面\ShowTimeCodeEnd\ShowTimeCode\
--------------------------------
2022-04-13 01:10:19,782| INFO Microsoft.Hosting.Lifetime 
Now listening on: http://localhost:5140
--------------------------------
2022-04-13 01:10:19,799| INFO Microsoft.Hosting.Lifetime 
Application started. Press Ctrl+C to shut down.
--------------------------------
2022-04-13 01:10:19,802| INFO Microsoft.Hosting.Lifetime 
Hosting environment: Development
--------------------------------
2022-04-13 01:10:19,806| INFO Microsoft.Hosting.Lifetime 
Content root path: H:\桌面\ShowTimeCodeEnd\ShowTimeCode\
--------------------------------
