2022-04-24 04:00:20,864| INFO Microsoft.Hosting.Lifetime 
Now listening on: http://localhost:5140
--------------------------------
2022-04-24 04:00:20,884| INFO Microsoft.Hosting.Lifetime 
Application started. Press Ctrl+C to shut down.
--------------------------------
2022-04-24 04:00:20,891| INFO Microsoft.Hosting.Lifetime 
Hosting environment: Development
--------------------------------
2022-04-24 04:00:20,893| INFO Microsoft.Hosting.Lifetime 
Content root path: H:\桌面\ShowTimeCodeEnd\ShowTimeCode\
--------------------------------
2022-04-24 04:18:38,183| INFO Microsoft.Hosting.Lifetime 
Now listening on: http://localhost:5140
--------------------------------
2022-04-24 04:18:38,199| INFO Microsoft.Hosting.Lifetime 
Application started. Press Ctrl+C to shut down.
--------------------------------
2022-04-24 04:18:38,202| INFO Microsoft.Hosting.Lifetime 
Hosting environment: Development
--------------------------------
2022-04-24 04:18:38,206| INFO Microsoft.Hosting.Lifetime 
Content root path: H:\桌面\ShowTimeCodeEnd\ShowTimeCode\
--------------------------------
2022-04-24 04:25:56,379| INFO Microsoft.Hosting.Lifetime 
Now listening on: http://localhost:5140
--------------------------------
2022-04-24 04:25:56,389| INFO Microsoft.Hosting.Lifetime 
Application started. Press Ctrl+C to shut down.
--------------------------------
2022-04-24 04:25:56,392| INFO Microsoft.Hosting.Lifetime 
Hosting environment: Development
--------------------------------
2022-04-24 04:25:56,397| INFO Microsoft.Hosting.Lifetime 
Content root path: H:\桌面\ShowTimeCodeEnd\ShowTimeCode\
--------------------------------
2022-04-24 04:26:51,556| INFO Microsoft.Hosting.Lifetime 
Now listening on: http://localhost:5140
--------------------------------
2022-04-24 04:26:51,565| INFO Microsoft.Hosting.Lifetime 
Application started. Press Ctrl+C to shut down.
--------------------------------
2022-04-24 04:26:51,567| INFO Microsoft.Hosting.Lifetime 
Hosting environment: Development
--------------------------------
2022-04-24 04:26:51,568| INFO Microsoft.Hosting.Lifetime 
Content root path: H:\桌面\ShowTimeCodeEnd\ShowTimeCode\
--------------------------------
2022-04-24 04:27:57,941| INFO Microsoft.Hosting.Lifetime 
Now listening on: http://localhost:5140
--------------------------------
2022-04-24 04:27:57,953| INFO Microsoft.Hosting.Lifetime 
Application started. Press Ctrl+C to shut down.
--------------------------------
2022-04-24 04:27:57,955| INFO Microsoft.Hosting.Lifetime 
Hosting environment: Development
--------------------------------
2022-04-24 04:27:57,957| INFO Microsoft.Hosting.Lifetime 
Content root path: H:\桌面\ShowTimeCodeEnd\ShowTimeCode\
--------------------------------
2022-04-24 04:31:29,942| INFO Microsoft.Hosting.Lifetime 
Now listening on: http://localhost:5140
--------------------------------
2022-04-24 04:31:29,950| INFO Microsoft.Hosting.Lifetime 
Application started. Press Ctrl+C to shut down.
--------------------------------
2022-04-24 04:31:29,952| INFO Microsoft.Hosting.Lifetime 
Hosting environment: Development
--------------------------------
2022-04-24 04:31:29,954| INFO Microsoft.Hosting.Lifetime 
Content root path: H:\桌面\ShowTimeCodeEnd\ShowTimeCode\
--------------------------------
2022-04-24 04:33:44,129| INFO Microsoft.Hosting.Lifetime 
Now listening on: http://localhost:5140
--------------------------------
2022-04-24 04:33:44,140| INFO Microsoft.Hosting.Lifetime 
Application started. Press Ctrl+C to shut down.
--------------------------------
2022-04-24 04:33:44,143| INFO Microsoft.Hosting.Lifetime 
Hosting environment: Development
--------------------------------
2022-04-24 04:33:44,145| INFO Microsoft.Hosting.Lifetime 
Content root path: H:\桌面\ShowTimeCodeEnd\ShowTimeCode\
--------------------------------
2022-04-24 17:00:49,595| INFO Microsoft.Hosting.Lifetime 
Now listening on: http://localhost:5140
--------------------------------
2022-04-24 17:00:49,606| INFO Microsoft.Hosting.Lifetime 
Application started. Press Ctrl+C to shut down.
--------------------------------
2022-04-24 17:00:49,608| INFO Microsoft.Hosting.Lifetime 
Hosting environment: Development
--------------------------------
2022-04-24 17:00:49,610| INFO Microsoft.Hosting.Lifetime 
Content root path: H:\桌面\ShowTimeCodeEnd\ShowTimeCode\
--------------------------------
2022-04-24 17:14:56,023| INFO Microsoft.Hosting.Lifetime 
Now listening on: http://localhost:5140
--------------------------------
2022-04-24 17:14:56,031| INFO Microsoft.Hosting.Lifetime 
Application started. Press Ctrl+C to shut down.
--------------------------------
2022-04-24 17:14:56,033| INFO Microsoft.Hosting.Lifetime 
Hosting environment: Development
--------------------------------
2022-04-24 17:14:56,036| INFO Microsoft.Hosting.Lifetime 
Content root path: H:\桌面\ShowTimeCodeEnd\ShowTimeCode\
--------------------------------
2022-04-24 17:16:34,400| INFO Microsoft.Hosting.Lifetime 
Now listening on: http://localhost:5140
--------------------------------
2022-04-24 17:16:34,408| INFO Microsoft.Hosting.Lifetime 
Application started. Press Ctrl+C to shut down.
--------------------------------
2022-04-24 17:16:34,410| INFO Microsoft.Hosting.Lifetime 
Hosting environment: Development
--------------------------------
2022-04-24 17:16:34,411| INFO Microsoft.Hosting.Lifetime 
Content root path: H:\桌面\ShowTimeCodeEnd\ShowTimeCode\
--------------------------------
2022-04-24 17:19:54,405| INFO Microsoft.Hosting.Lifetime 
Now listening on: http://localhost:5140
--------------------------------
2022-04-24 17:19:54,412| INFO Microsoft.Hosting.Lifetime 
Application started. Press Ctrl+C to shut down.
--------------------------------
2022-04-24 17:19:54,413| INFO Microsoft.Hosting.Lifetime 
Hosting environment: Development
--------------------------------
2022-04-24 17:19:54,415| INFO Microsoft.Hosting.Lifetime 
Content root path: H:\桌面\ShowTimeCodeEnd\ShowTimeCode\
--------------------------------
2022-04-24 17:24:51,584| INFO Microsoft.Hosting.Lifetime 
Now listening on: http://localhost:5140
--------------------------------
2022-04-24 17:24:51,593| INFO Microsoft.Hosting.Lifetime 
Application started. Press Ctrl+C to shut down.
--------------------------------
2022-04-24 17:24:51,594| INFO Microsoft.Hosting.Lifetime 
Hosting environment: Development
--------------------------------
2022-04-24 17:24:51,598| INFO Microsoft.Hosting.Lifetime 
Content root path: H:\桌面\ShowTimeCodeEnd\ShowTimeCode\
--------------------------------
2022-04-24 17:26:38,050| INFO Microsoft.Hosting.Lifetime 
Now listening on: http://localhost:5140
--------------------------------
2022-04-24 17:26:38,058| INFO Microsoft.Hosting.Lifetime 
Application started. Press Ctrl+C to shut down.
--------------------------------
2022-04-24 17:26:38,060| INFO Microsoft.Hosting.Lifetime 
Hosting environment: Development
--------------------------------
2022-04-24 17:26:38,065| INFO Microsoft.Hosting.Lifetime 
Content root path: H:\桌面\ShowTimeCodeEnd\ShowTimeCode\
--------------------------------
2022-04-24 17:28:36,991| INFO Microsoft.Hosting.Lifetime 
Now listening on: http://localhost:5140
--------------------------------
2022-04-24 17:28:37,000| INFO Microsoft.Hosting.Lifetime 
Application started. Press Ctrl+C to shut down.
--------------------------------
2022-04-24 17:28:37,002| INFO Microsoft.Hosting.Lifetime 
Hosting environment: Development
--------------------------------
2022-04-24 17:28:37,003| INFO Microsoft.Hosting.Lifetime 
Content root path: H:\桌面\ShowTimeCodeEnd\ShowTimeCode\
--------------------------------
2022-04-24 17:31:34,279| INFO Microsoft.Hosting.Lifetime 
Now listening on: http://localhost:5140
--------------------------------
2022-04-24 17:31:34,287| INFO Microsoft.Hosting.Lifetime 
Application started. Press Ctrl+C to shut down.
--------------------------------
2022-04-24 17:31:34,289| INFO Microsoft.Hosting.Lifetime 
Hosting environment: Development
--------------------------------
2022-04-24 17:31:34,290| INFO Microsoft.Hosting.Lifetime 
Content root path: H:\桌面\ShowTimeCodeEnd\ShowTimeCode\
--------------------------------
2022-04-24 17:32:16,535| INFO Microsoft.Hosting.Lifetime 
Now listening on: http://localhost:5140
--------------------------------
2022-04-24 17:32:16,544| INFO Microsoft.Hosting.Lifetime 
Application started. Press Ctrl+C to shut down.
--------------------------------
2022-04-24 17:32:16,546| INFO Microsoft.Hosting.Lifetime 
Hosting environment: Development
--------------------------------
2022-04-24 17:32:16,548| INFO Microsoft.Hosting.Lifetime 
Content root path: H:\桌面\ShowTimeCodeEnd\ShowTimeCode\
--------------------------------
2022-04-24 17:33:02,537| INFO Microsoft.Hosting.Lifetime 
Now listening on: http://localhost:5140
--------------------------------
2022-04-24 17:33:02,546| INFO Microsoft.Hosting.Lifetime 
Application started. Press Ctrl+C to shut down.
--------------------------------
2022-04-24 17:33:02,547| INFO Microsoft.Hosting.Lifetime 
Hosting environment: Development
--------------------------------
2022-04-24 17:33:02,551| INFO Microsoft.Hosting.Lifetime 
Content root path: H:\桌面\ShowTimeCodeEnd\ShowTimeCode\
--------------------------------
2022-04-24 17:36:30,591| INFO Microsoft.Hosting.Lifetime 
Now listening on: http://localhost:5140
--------------------------------
2022-04-24 17:36:30,603| INFO Microsoft.Hosting.Lifetime 
Application started. Press Ctrl+C to shut down.
--------------------------------
2022-04-24 17:36:30,605| INFO Microsoft.Hosting.Lifetime 
Hosting environment: Development
--------------------------------
2022-04-24 17:36:30,606| INFO Microsoft.Hosting.Lifetime 
Content root path: H:\桌面\ShowTimeCodeEnd\ShowTimeCode\
--------------------------------
2022-04-24 17:37:36,195| INFO Microsoft.Hosting.Lifetime 
Now listening on: http://localhost:5140
--------------------------------
2022-04-24 17:37:36,205| INFO Microsoft.Hosting.Lifetime 
Application started. Press Ctrl+C to shut down.
--------------------------------
2022-04-24 17:37:36,210| INFO Microsoft.Hosting.Lifetime 
Hosting environment: Development
--------------------------------
2022-04-24 17:37:36,212| INFO Microsoft.Hosting.Lifetime 
Content root path: H:\桌面\ShowTimeCodeEnd\ShowTimeCode\
--------------------------------
2022-04-24 17:43:33,037| INFO Microsoft.Hosting.Lifetime 
Now listening on: http://localhost:5140
--------------------------------
2022-04-24 17:43:33,044| INFO Microsoft.Hosting.Lifetime 
Application started. Press Ctrl+C to shut down.
--------------------------------
2022-04-24 17:43:33,046| INFO Microsoft.Hosting.Lifetime 
Hosting environment: Development
--------------------------------
2022-04-24 17:43:33,047| INFO Microsoft.Hosting.Lifetime 
Content root path: H:\桌面\ShowTimeCodeEnd\ShowTimeCode\
--------------------------------
2022-04-24 17:45:23,234| INFO Microsoft.Hosting.Lifetime 
Now listening on: http://localhost:5140
--------------------------------
2022-04-24 17:45:23,245| INFO Microsoft.Hosting.Lifetime 
Application started. Press Ctrl+C to shut down.
--------------------------------
2022-04-24 17:45:23,247| INFO Microsoft.Hosting.Lifetime 
Hosting environment: Development
--------------------------------
2022-04-24 17:45:23,248| INFO Microsoft.Hosting.Lifetime 
Content root path: H:\桌面\ShowTimeCodeEnd\ShowTimeCode\
--------------------------------
2022-04-24 17:46:35,832| INFO Microsoft.Hosting.Lifetime 
Now listening on: http://localhost:5140
--------------------------------
2022-04-24 17:46:35,841| INFO Microsoft.Hosting.Lifetime 
Application started. Press Ctrl+C to shut down.
--------------------------------
2022-04-24 17:46:35,842| INFO Microsoft.Hosting.Lifetime 
Hosting environment: Development
--------------------------------
2022-04-24 17:46:35,843| INFO Microsoft.Hosting.Lifetime 
Content root path: H:\桌面\ShowTimeCodeEnd\ShowTimeCode\
--------------------------------
2022-04-24 17:59:47,506| INFO Microsoft.Hosting.Lifetime 
Now listening on: http://localhost:5140
--------------------------------
2022-04-24 17:59:47,514| INFO Microsoft.Hosting.Lifetime 
Application started. Press Ctrl+C to shut down.
--------------------------------
2022-04-24 17:59:47,516| INFO Microsoft.Hosting.Lifetime 
Hosting environment: Development
--------------------------------
2022-04-24 17:59:47,517| INFO Microsoft.Hosting.Lifetime 
Content root path: H:\桌面\ShowTimeCodeEnd\ShowTimeCode\
--------------------------------
2022-04-24 18:00:54,031| INFO Microsoft.Hosting.Lifetime 
Now listening on: http://localhost:5140
--------------------------------
2022-04-24 18:00:54,039| INFO Microsoft.Hosting.Lifetime 
Application started. Press Ctrl+C to shut down.
--------------------------------
2022-04-24 18:00:54,040| INFO Microsoft.Hosting.Lifetime 
Hosting environment: Development
--------------------------------
2022-04-24 18:00:54,042| INFO Microsoft.Hosting.Lifetime 
Content root path: H:\桌面\ShowTimeCodeEnd\ShowTimeCode\
--------------------------------
2022-04-24 18:13:18,766| INFO Microsoft.Hosting.Lifetime 
Now listening on: http://localhost:5140
--------------------------------
2022-04-24 18:13:18,782| INFO Microsoft.Hosting.Lifetime 
Application started. Press Ctrl+C to shut down.
--------------------------------
2022-04-24 18:13:18,784| INFO Microsoft.Hosting.Lifetime 
Hosting environment: Development
--------------------------------
2022-04-24 18:13:18,786| INFO Microsoft.Hosting.Lifetime 
Content root path: H:\桌面\ShowTimeCodeEnd\ShowTimeCode\
--------------------------------
2022-04-24 18:31:15,835| INFO Microsoft.Hosting.Lifetime 
Now listening on: http://localhost:5140
--------------------------------
2022-04-24 18:31:15,847| INFO Microsoft.Hosting.Lifetime 
Application started. Press Ctrl+C to shut down.
--------------------------------
2022-04-24 18:31:15,849| INFO Microsoft.Hosting.Lifetime 
Hosting environment: Development
--------------------------------
2022-04-24 18:31:15,851| INFO Microsoft.Hosting.Lifetime 
Content root path: H:\桌面\ShowTimeCodeEnd\ShowTimeCode\
--------------------------------
2022-04-24 18:38:33,717| INFO Microsoft.Hosting.Lifetime 
Now listening on: http://localhost:5140
--------------------------------
2022-04-24 18:38:33,725| INFO Microsoft.Hosting.Lifetime 
Application started. Press Ctrl+C to shut down.
--------------------------------
2022-04-24 18:38:33,727| INFO Microsoft.Hosting.Lifetime 
Hosting environment: Development
--------------------------------
2022-04-24 18:38:33,728| INFO Microsoft.Hosting.Lifetime 
Content root path: H:\桌面\ShowTimeCodeEnd\ShowTimeCode\
--------------------------------
2022-04-24 18:52:53,697| INFO Microsoft.Hosting.Lifetime 
Now listening on: http://localhost:5140
--------------------------------
2022-04-24 18:52:53,708| INFO Microsoft.Hosting.Lifetime 
Application started. Press Ctrl+C to shut down.
--------------------------------
2022-04-24 18:52:53,709| INFO Microsoft.Hosting.Lifetime 
Hosting environment: Development
--------------------------------
2022-04-24 18:52:53,711| INFO Microsoft.Hosting.Lifetime 
Content root path: H:\桌面\ShowTimeCodeEnd\ShowTimeCode\
--------------------------------
2022-04-24 18:54:13,690| INFO Microsoft.Hosting.Lifetime 
Now listening on: http://localhost:5140
--------------------------------
2022-04-24 18:54:13,703| INFO Microsoft.Hosting.Lifetime 
Application started. Press Ctrl+C to shut down.
--------------------------------
2022-04-24 18:54:13,706| INFO Microsoft.Hosting.Lifetime 
Hosting environment: Development
--------------------------------
2022-04-24 18:54:13,708| INFO Microsoft.Hosting.Lifetime 
Content root path: H:\桌面\ShowTimeCodeEnd\ShowTimeCode\
--------------------------------
2022-04-24 18:55:22,004| INFO Microsoft.Hosting.Lifetime 
Now listening on: http://localhost:5140
--------------------------------
2022-04-24 18:55:22,015| INFO Microsoft.Hosting.Lifetime 
Application started. Press Ctrl+C to shut down.
--------------------------------
2022-04-24 18:55:22,017| INFO Microsoft.Hosting.Lifetime 
Hosting environment: Development
--------------------------------
2022-04-24 18:55:22,018| INFO Microsoft.Hosting.Lifetime 
Content root path: H:\桌面\ShowTimeCodeEnd\ShowTimeCode\
--------------------------------
