2022-03-08 00:02:32,521| INFO Microsoft.Hosting.Lifetime 
Now listening on: http://localhost:5140
--------------------------------
2022-03-08 00:02:32,531| INFO Microsoft.Hosting.Lifetime 
Application started. Press Ctrl+C to shut down.
--------------------------------
2022-03-08 00:02:32,533| INFO Microsoft.Hosting.Lifetime 
Hosting environment: Development
--------------------------------
2022-03-08 00:02:32,535| INFO Microsoft.Hosting.Lifetime 
Content root path: H:\桌面\NewProject\ShowTimeCode\ShowTimeCode\
--------------------------------
2022-03-08 00:05:17,145| INFO Microsoft.Hosting.Lifetime 
Now listening on: http://localhost:5140
--------------------------------
2022-03-08 00:05:17,158| INFO Microsoft.Hosting.Lifetime 
Application started. Press Ctrl+C to shut down.
--------------------------------
2022-03-08 00:05:17,160| INFO Microsoft.Hosting.Lifetime 
Hosting environment: Development
--------------------------------
2022-03-08 00:05:17,162| INFO Microsoft.Hosting.Lifetime 
Content root path: H:\桌面\NewProject\ShowTimeCode\ShowTimeCode\
--------------------------------
2022-03-08 11:40:06,106| INFO Microsoft.Hosting.Lifetime 
Now listening on: http://localhost:5140
--------------------------------
2022-03-08 11:40:06,122| INFO Microsoft.Hosting.Lifetime 
Application started. Press Ctrl+C to shut down.
--------------------------------
2022-03-08 11:40:06,124| INFO Microsoft.Hosting.Lifetime 
Hosting environment: Development
--------------------------------
2022-03-08 11:40:06,126| INFO Microsoft.Hosting.Lifetime 
Content root path: H:\桌面\NewProject\ShowTimeCode\ShowTimeCode\
--------------------------------
2022-03-08 11:40:48,473| INFO Microsoft.Hosting.Lifetime 
Now listening on: http://localhost:5140
--------------------------------
2022-03-08 11:40:48,481| INFO Microsoft.Hosting.Lifetime 
Application started. Press Ctrl+C to shut down.
--------------------------------
2022-03-08 11:40:48,484| INFO Microsoft.Hosting.Lifetime 
Hosting environment: Development
--------------------------------
2022-03-08 11:40:48,485| INFO Microsoft.Hosting.Lifetime 
Content root path: H:\桌面\NewProject\ShowTimeCode\ShowTimeCode\
--------------------------------
2022-03-08 11:47:29,539| INFO Microsoft.Hosting.Lifetime 
Now listening on: http://localhost:5140
--------------------------------
2022-03-08 11:47:29,550| INFO Microsoft.Hosting.Lifetime 
Application started. Press Ctrl+C to shut down.
--------------------------------
2022-03-08 11:47:29,553| INFO Microsoft.Hosting.Lifetime 
Hosting environment: Development
--------------------------------
2022-03-08 11:47:29,556| INFO Microsoft.Hosting.Lifetime 
Content root path: H:\桌面\NewProject\ShowTimeCode\ShowTimeCode\
--------------------------------
2022-03-08 12:08:05,309| INFO Microsoft.Hosting.Lifetime 
Now listening on: http://localhost:5140
--------------------------------
2022-03-08 12:08:05,317| INFO Microsoft.Hosting.Lifetime 
Application started. Press Ctrl+C to shut down.
--------------------------------
2022-03-08 12:08:05,320| INFO Microsoft.Hosting.Lifetime 
Hosting environment: Development
--------------------------------
2022-03-08 12:08:05,321| INFO Microsoft.Hosting.Lifetime 
Content root path: H:\桌面\NewProject\ShowTimeCode\ShowTimeCode\
--------------------------------
2022-03-08 12:09:04,227| INFO Microsoft.Hosting.Lifetime 
Now listening on: http://localhost:5140
--------------------------------
2022-03-08 12:09:04,240| INFO Microsoft.Hosting.Lifetime 
Application started. Press Ctrl+C to shut down.
--------------------------------
2022-03-08 12:09:04,243| INFO Microsoft.Hosting.Lifetime 
Hosting environment: Development
--------------------------------
2022-03-08 12:09:04,253| INFO Microsoft.Hosting.Lifetime 
Content root path: H:\桌面\NewProject\ShowTimeCode\ShowTimeCode\
--------------------------------
2022-03-08 12:09:56,178| INFO Microsoft.Hosting.Lifetime 
Now listening on: http://localhost:5140
--------------------------------
2022-03-08 12:09:56,188| INFO Microsoft.Hosting.Lifetime 
Application started. Press Ctrl+C to shut down.
--------------------------------
2022-03-08 12:09:56,190| INFO Microsoft.Hosting.Lifetime 
Hosting environment: Development
--------------------------------
2022-03-08 12:09:56,191| INFO Microsoft.Hosting.Lifetime 
Content root path: H:\桌面\NewProject\ShowTimeCode\ShowTimeCode\
--------------------------------
