2022-05-01 07:19:59,112| INFO Microsoft.Hosting.Lifetime 
Now listening on: http://localhost:5140
--------------------------------
2022-05-01 07:19:59,126| INFO Microsoft.Hosting.Lifetime 
Application started. Press Ctrl+C to shut down.
--------------------------------
2022-05-01 07:19:59,130| INFO Microsoft.Hosting.Lifetime 
Hosting environment: Development
--------------------------------
2022-05-01 07:19:59,134| INFO Microsoft.Hosting.Lifetime 
Content root path: H:\桌面\ShowTimeCodeEnd\ShowTimeCode\
--------------------------------
2022-05-01 07:32:31,698| INFO Microsoft.Hosting.Lifetime 
Now listening on: http://localhost:5140
--------------------------------
2022-05-01 07:32:31,708| INFO Microsoft.Hosting.Lifetime 
Application started. Press Ctrl+C to shut down.
--------------------------------
2022-05-01 07:32:31,710| INFO Microsoft.Hosting.Lifetime 
Hosting environment: Development
--------------------------------
2022-05-01 07:32:31,712| INFO Microsoft.Hosting.Lifetime 
Content root path: H:\桌面\ShowTimeCodeEnd\ShowTimeCode\
--------------------------------
2022-05-01 08:03:51,715| INFO Microsoft.Hosting.Lifetime 
Now listening on: http://localhost:5140
--------------------------------
2022-05-01 08:03:51,728| INFO Microsoft.Hosting.Lifetime 
Application started. Press Ctrl+C to shut down.
--------------------------------
2022-05-01 08:03:51,731| INFO Microsoft.Hosting.Lifetime 
Hosting environment: Development
--------------------------------
2022-05-01 08:03:51,733| INFO Microsoft.Hosting.Lifetime 
Content root path: H:\桌面\ShowTimeCodeEnd\ShowTimeCode\
--------------------------------
2022-05-01 08:04:33,620| INFO Microsoft.Hosting.Lifetime 
Now listening on: http://localhost:5140
--------------------------------
2022-05-01 08:04:33,648| INFO Microsoft.Hosting.Lifetime 
Application started. Press Ctrl+C to shut down.
--------------------------------
2022-05-01 08:04:33,651| INFO Microsoft.Hosting.Lifetime 
Hosting environment: Development
--------------------------------
2022-05-01 08:04:33,654| INFO Microsoft.Hosting.Lifetime 
Content root path: H:\桌面\ShowTimeCodeEnd\ShowTimeCode\
--------------------------------
