2022-03-31 02:04:22,486| INFO Microsoft.Hosting.Lifetime 
Now listening on: http://localhost:5140
--------------------------------
2022-03-31 02:04:22,496| INFO Microsoft.Hosting.Lifetime 
Application started. Press Ctrl+C to shut down.
--------------------------------
2022-03-31 02:04:22,498| INFO Microsoft.Hosting.Lifetime 
Hosting environment: Development
--------------------------------
2022-03-31 02:04:22,500| INFO Microsoft.Hosting.Lifetime 
Content root path: H:\桌面\ShowTimeCodeEnd\ShowTimeCode\
--------------------------------
2022-03-31 02:06:33,658| INFO Microsoft.Hosting.Lifetime 
Now listening on: http://localhost:5140
--------------------------------
2022-03-31 02:06:33,670| INFO Microsoft.Hosting.Lifetime 
Application started. Press Ctrl+C to shut down.
--------------------------------
2022-03-31 02:06:33,672| INFO Microsoft.Hosting.Lifetime 
Hosting environment: Development
--------------------------------
2022-03-31 02:06:33,674| INFO Microsoft.Hosting.Lifetime 
Content root path: H:\桌面\ShowTimeCodeEnd\ShowTimeCode\
--------------------------------
2022-03-31 02:09:16,446| INFO Microsoft.Hosting.Lifetime 
Now listening on: http://localhost:5140
--------------------------------
2022-03-31 02:09:16,459| INFO Microsoft.Hosting.Lifetime 
Application started. Press Ctrl+C to shut down.
--------------------------------
2022-03-31 02:09:16,461| INFO Microsoft.Hosting.Lifetime 
Hosting environment: Development
--------------------------------
2022-03-31 02:09:16,463| INFO Microsoft.Hosting.Lifetime 
Content root path: H:\桌面\ShowTimeCodeEnd\ShowTimeCode\
--------------------------------
2022-03-31 02:11:42,826| INFO Microsoft.Hosting.Lifetime 
Now listening on: http://localhost:5140
--------------------------------
2022-03-31 02:11:42,835| INFO Microsoft.Hosting.Lifetime 
Application started. Press Ctrl+C to shut down.
--------------------------------
2022-03-31 02:11:42,837| INFO Microsoft.Hosting.Lifetime 
Hosting environment: Development
--------------------------------
2022-03-31 02:11:42,841| INFO Microsoft.Hosting.Lifetime 
Content root path: H:\桌面\ShowTimeCodeEnd\ShowTimeCode\
--------------------------------
2022-03-31 02:12:38,427| INFO Microsoft.Hosting.Lifetime 
Now listening on: http://localhost:5140
--------------------------------
2022-03-31 02:12:38,435| INFO Microsoft.Hosting.Lifetime 
Application started. Press Ctrl+C to shut down.
--------------------------------
2022-03-31 02:12:38,439| INFO Microsoft.Hosting.Lifetime 
Hosting environment: Development
--------------------------------
2022-03-31 02:12:38,441| INFO Microsoft.Hosting.Lifetime 
Content root path: H:\桌面\ShowTimeCodeEnd\ShowTimeCode\
--------------------------------
2022-03-31 02:13:14,163| INFO Microsoft.Hosting.Lifetime 
Now listening on: http://localhost:5140
--------------------------------
2022-03-31 02:13:14,171| INFO Microsoft.Hosting.Lifetime 
Application started. Press Ctrl+C to shut down.
--------------------------------
2022-03-31 02:13:14,173| INFO Microsoft.Hosting.Lifetime 
Hosting environment: Development
--------------------------------
2022-03-31 02:13:14,174| INFO Microsoft.Hosting.Lifetime 
Content root path: H:\桌面\ShowTimeCodeEnd\ShowTimeCode\
--------------------------------
2022-03-31 02:14:57,554| INFO Microsoft.Hosting.Lifetime 
Now listening on: http://localhost:5140
--------------------------------
2022-03-31 02:14:57,563| INFO Microsoft.Hosting.Lifetime 
Application started. Press Ctrl+C to shut down.
--------------------------------
2022-03-31 02:14:57,564| INFO Microsoft.Hosting.Lifetime 
Hosting environment: Development
--------------------------------
2022-03-31 02:14:57,566| INFO Microsoft.Hosting.Lifetime 
Content root path: H:\桌面\ShowTimeCodeEnd\ShowTimeCode\
--------------------------------
2022-03-31 02:16:01,871| INFO Microsoft.Hosting.Lifetime 
Now listening on: http://localhost:5140
--------------------------------
2022-03-31 02:16:01,884| INFO Microsoft.Hosting.Lifetime 
Application started. Press Ctrl+C to shut down.
--------------------------------
2022-03-31 02:16:01,887| INFO Microsoft.Hosting.Lifetime 
Hosting environment: Development
--------------------------------
2022-03-31 02:16:01,889| INFO Microsoft.Hosting.Lifetime 
Content root path: H:\桌面\ShowTimeCodeEnd\ShowTimeCode\
--------------------------------
2022-03-31 02:17:18,942| INFO Microsoft.Hosting.Lifetime 
Now listening on: http://localhost:5140
--------------------------------
2022-03-31 02:17:18,955| INFO Microsoft.Hosting.Lifetime 
Application started. Press Ctrl+C to shut down.
--------------------------------
2022-03-31 02:17:18,957| INFO Microsoft.Hosting.Lifetime 
Hosting environment: Development
--------------------------------
2022-03-31 02:17:18,959| INFO Microsoft.Hosting.Lifetime 
Content root path: H:\桌面\ShowTimeCodeEnd\ShowTimeCode\
--------------------------------
2022-03-31 02:19:04,260| INFO Microsoft.Hosting.Lifetime 
Now listening on: http://localhost:5140
--------------------------------
2022-03-31 02:19:04,269| INFO Microsoft.Hosting.Lifetime 
Application started. Press Ctrl+C to shut down.
--------------------------------
2022-03-31 02:19:04,271| INFO Microsoft.Hosting.Lifetime 
Hosting environment: Development
--------------------------------
2022-03-31 02:19:04,273| INFO Microsoft.Hosting.Lifetime 
Content root path: H:\桌面\ShowTimeCodeEnd\ShowTimeCode\
--------------------------------
2022-03-31 02:27:10,175| INFO Microsoft.Hosting.Lifetime 
Now listening on: http://localhost:5140
--------------------------------
2022-03-31 02:27:10,185| INFO Microsoft.Hosting.Lifetime 
Application started. Press Ctrl+C to shut down.
--------------------------------
2022-03-31 02:27:10,187| INFO Microsoft.Hosting.Lifetime 
Hosting environment: Development
--------------------------------
2022-03-31 02:27:10,193| INFO Microsoft.Hosting.Lifetime 
Content root path: H:\桌面\ShowTimeCodeEnd\ShowTimeCode\
--------------------------------
2022-03-31 02:28:01,245| INFO Microsoft.Hosting.Lifetime 
Now listening on: http://localhost:5140
--------------------------------
2022-03-31 02:28:01,253| INFO Microsoft.Hosting.Lifetime 
Application started. Press Ctrl+C to shut down.
--------------------------------
2022-03-31 02:28:01,257| INFO Microsoft.Hosting.Lifetime 
Hosting environment: Development
--------------------------------
2022-03-31 02:28:01,258| INFO Microsoft.Hosting.Lifetime 
Content root path: H:\桌面\ShowTimeCodeEnd\ShowTimeCode\
--------------------------------
2022-03-31 12:39:57,180| INFO Microsoft.Hosting.Lifetime 
Now listening on: http://localhost:5140
--------------------------------
2022-03-31 12:39:57,192| INFO Microsoft.Hosting.Lifetime 
Application started. Press Ctrl+C to shut down.
--------------------------------
2022-03-31 12:39:57,194| INFO Microsoft.Hosting.Lifetime 
Hosting environment: Development
--------------------------------
2022-03-31 12:39:57,196| INFO Microsoft.Hosting.Lifetime 
Content root path: H:\桌面\ShowTimeCodeEnd\ShowTimeCode\
--------------------------------
2022-03-31 23:03:58,018| INFO Microsoft.Hosting.Lifetime 
Now listening on: http://localhost:5140
--------------------------------
2022-03-31 23:03:58,028| INFO Microsoft.Hosting.Lifetime 
Application started. Press Ctrl+C to shut down.
--------------------------------
2022-03-31 23:03:58,031| INFO Microsoft.Hosting.Lifetime 
Hosting environment: Development
--------------------------------
2022-03-31 23:03:58,033| INFO Microsoft.Hosting.Lifetime 
Content root path: H:\桌面\ShowTimeCodeEnd\ShowTimeCode\
--------------------------------
2022-03-31 23:10:30,401| INFO Microsoft.Hosting.Lifetime 
Now listening on: http://localhost:5140
--------------------------------
2022-03-31 23:10:30,417| INFO Microsoft.Hosting.Lifetime 
Application started. Press Ctrl+C to shut down.
--------------------------------
2022-03-31 23:10:30,419| INFO Microsoft.Hosting.Lifetime 
Hosting environment: Development
--------------------------------
2022-03-31 23:10:30,421| INFO Microsoft.Hosting.Lifetime 
Content root path: H:\桌面\ShowTimeCodeEnd\ShowTimeCode\
--------------------------------
2022-03-31 23:22:35,972| INFO Microsoft.Hosting.Lifetime 
Now listening on: http://localhost:5140
--------------------------------
2022-03-31 23:22:35,985| INFO Microsoft.Hosting.Lifetime 
Application started. Press Ctrl+C to shut down.
--------------------------------
2022-03-31 23:22:35,987| INFO Microsoft.Hosting.Lifetime 
Hosting environment: Development
--------------------------------
2022-03-31 23:22:35,991| INFO Microsoft.Hosting.Lifetime 
Content root path: H:\桌面\ShowTimeCodeEnd\ShowTimeCode\
--------------------------------
2022-03-31 23:38:56,562| INFO Microsoft.Hosting.Lifetime 
Now listening on: http://localhost:5140
--------------------------------
2022-03-31 23:38:56,572| INFO Microsoft.Hosting.Lifetime 
Application started. Press Ctrl+C to shut down.
--------------------------------
2022-03-31 23:38:56,574| INFO Microsoft.Hosting.Lifetime 
Hosting environment: Development
--------------------------------
2022-03-31 23:38:56,578| INFO Microsoft.Hosting.Lifetime 
Content root path: H:\桌面\ShowTimeCodeEnd\ShowTimeCode\
--------------------------------
2022-03-31 23:51:52,169| INFO Microsoft.Hosting.Lifetime 
Now listening on: http://localhost:5140
--------------------------------
2022-03-31 23:51:52,177| INFO Microsoft.Hosting.Lifetime 
Application started. Press Ctrl+C to shut down.
--------------------------------
2022-03-31 23:51:52,178| INFO Microsoft.Hosting.Lifetime 
Hosting environment: Development
--------------------------------
2022-03-31 23:51:52,180| INFO Microsoft.Hosting.Lifetime 
Content root path: H:\桌面\ShowTimeCodeEnd\ShowTimeCode\
--------------------------------
2022-03-31 23:58:01,805| INFO Microsoft.Hosting.Lifetime 
Now listening on: http://localhost:5140
--------------------------------
2022-03-31 23:58:01,816| INFO Microsoft.Hosting.Lifetime 
Application started. Press Ctrl+C to shut down.
--------------------------------
2022-03-31 23:58:01,818| INFO Microsoft.Hosting.Lifetime 
Hosting environment: Development
--------------------------------
2022-03-31 23:58:01,822| INFO Microsoft.Hosting.Lifetime 
Content root path: H:\桌面\ShowTimeCodeEnd\ShowTimeCode\
--------------------------------
