2022-04-06 14:09:55,337| INFO Microsoft.Hosting.Lifetime 
Now listening on: http://localhost:5140
--------------------------------
2022-04-06 14:09:55,347| INFO Microsoft.Hosting.Lifetime 
Application started. Press Ctrl+C to shut down.
--------------------------------
2022-04-06 14:09:55,350| INFO Microsoft.Hosting.Lifetime 
Hosting environment: Development
--------------------------------
2022-04-06 14:09:55,352| INFO Microsoft.Hosting.Lifetime 
Content root path: H:\桌面\ShowTimeCodeEnd\ShowTimeCode\
--------------------------------
2022-04-06 15:06:29,064| INFO Microsoft.Hosting.Lifetime 
Now listening on: http://localhost:5140
--------------------------------
2022-04-06 15:06:29,081| INFO Microsoft.Hosting.Lifetime 
Application started. Press Ctrl+C to shut down.
--------------------------------
2022-04-06 15:06:29,083| INFO Microsoft.Hosting.Lifetime 
Hosting environment: Development
--------------------------------
2022-04-06 15:06:29,085| INFO Microsoft.Hosting.Lifetime 
Content root path: H:\桌面\ShowTimeCodeEnd\ShowTimeCode\
--------------------------------
2022-04-06 15:24:32,952| INFO Microsoft.Hosting.Lifetime 
Now listening on: http://localhost:5140
--------------------------------
2022-04-06 15:24:32,961| INFO Microsoft.Hosting.Lifetime 
Application started. Press Ctrl+C to shut down.
--------------------------------
2022-04-06 15:24:32,962| INFO Microsoft.Hosting.Lifetime 
Hosting environment: Development
--------------------------------
2022-04-06 15:24:32,963| INFO Microsoft.Hosting.Lifetime 
Content root path: H:\桌面\ShowTimeCodeEnd\ShowTimeCode\
--------------------------------
2022-04-06 15:25:03,270| INFO Microsoft.Hosting.Lifetime 
Now listening on: http://localhost:5140
--------------------------------
2022-04-06 15:25:03,279| INFO Microsoft.Hosting.Lifetime 
Application started. Press Ctrl+C to shut down.
--------------------------------
2022-04-06 15:25:03,282| INFO Microsoft.Hosting.Lifetime 
Hosting environment: Development
--------------------------------
2022-04-06 15:25:03,283| INFO Microsoft.Hosting.Lifetime 
Content root path: H:\桌面\ShowTimeCodeEnd\ShowTimeCode\
--------------------------------
2022-04-06 15:51:57,987| INFO Microsoft.Hosting.Lifetime 
Now listening on: http://localhost:5140
--------------------------------
2022-04-06 15:51:57,999| INFO Microsoft.Hosting.Lifetime 
Application started. Press Ctrl+C to shut down.
--------------------------------
2022-04-06 15:51:58,000| INFO Microsoft.Hosting.Lifetime 
Hosting environment: Development
--------------------------------
2022-04-06 15:51:58,001| INFO Microsoft.Hosting.Lifetime 
Content root path: H:\桌面\ShowTimeCodeEnd\ShowTimeCode\
--------------------------------
2022-04-06 18:12:09,487| INFO Microsoft.Hosting.Lifetime 
Now listening on: http://localhost:5140
--------------------------------
2022-04-06 18:12:09,497| INFO Microsoft.Hosting.Lifetime 
Application started. Press Ctrl+C to shut down.
--------------------------------
2022-04-06 18:12:09,529| INFO Microsoft.Hosting.Lifetime 
Hosting environment: Development
--------------------------------
2022-04-06 18:12:09,547| INFO Microsoft.Hosting.Lifetime 
Content root path: H:\桌面\ShowTimeCodeEnd\ShowTimeCode\
--------------------------------
2022-04-06 18:17:07,956| INFO Microsoft.Hosting.Lifetime 
Now listening on: http://localhost:5140
--------------------------------
2022-04-06 18:17:07,966| INFO Microsoft.Hosting.Lifetime 
Application started. Press Ctrl+C to shut down.
--------------------------------
2022-04-06 18:17:07,968| INFO Microsoft.Hosting.Lifetime 
Hosting environment: Development
--------------------------------
2022-04-06 18:17:07,970| INFO Microsoft.Hosting.Lifetime 
Content root path: H:\桌面\ShowTimeCodeEnd\ShowTimeCode\
--------------------------------
2022-04-06 18:18:03,475| INFO Microsoft.Hosting.Lifetime 
Now listening on: http://localhost:5140
--------------------------------
2022-04-06 18:18:03,487| INFO Microsoft.Hosting.Lifetime 
Application started. Press Ctrl+C to shut down.
--------------------------------
2022-04-06 18:18:03,489| INFO Microsoft.Hosting.Lifetime 
Hosting environment: Development
--------------------------------
2022-04-06 18:18:03,491| INFO Microsoft.Hosting.Lifetime 
Content root path: H:\桌面\ShowTimeCodeEnd\ShowTimeCode\
--------------------------------
