2022-04-09 14:50:02,219| INFO Microsoft.Hosting.Lifetime 
Now listening on: http://localhost:5140
--------------------------------
2022-04-09 14:50:02,230| INFO Microsoft.Hosting.Lifetime 
Application started. Press Ctrl+C to shut down.
--------------------------------
2022-04-09 14:50:02,232| INFO Microsoft.Hosting.Lifetime 
Hosting environment: Development
--------------------------------
2022-04-09 14:50:02,234| INFO Microsoft.Hosting.Lifetime 
Content root path: H:\桌面\ShowTimeCodeEnd\ShowTimeCode\
--------------------------------
2022-04-09 15:02:07,100| INFO Microsoft.Hosting.Lifetime 
Now listening on: http://localhost:5140
--------------------------------
2022-04-09 15:02:07,108| INFO Microsoft.Hosting.Lifetime 
Application started. Press Ctrl+C to shut down.
--------------------------------
2022-04-09 15:02:07,110| INFO Microsoft.Hosting.Lifetime 
Hosting environment: Development
--------------------------------
2022-04-09 15:02:07,112| INFO Microsoft.Hosting.Lifetime 
Content root path: H:\桌面\ShowTimeCodeEnd\ShowTimeCode\
--------------------------------
2022-04-09 15:03:21,047| INFO Microsoft.Hosting.Lifetime 
Now listening on: http://localhost:5140
--------------------------------
2022-04-09 15:03:21,057| INFO Microsoft.Hosting.Lifetime 
Application started. Press Ctrl+C to shut down.
--------------------------------
2022-04-09 15:03:21,060| INFO Microsoft.Hosting.Lifetime 
Hosting environment: Development
--------------------------------
2022-04-09 15:03:21,061| INFO Microsoft.Hosting.Lifetime 
Content root path: H:\桌面\ShowTimeCodeEnd\ShowTimeCode\
--------------------------------
2022-04-09 15:04:41,483| INFO Microsoft.Hosting.Lifetime 
Now listening on: http://localhost:5140
--------------------------------
2022-04-09 15:04:41,492| INFO Microsoft.Hosting.Lifetime 
Application started. Press Ctrl+C to shut down.
--------------------------------
2022-04-09 15:04:41,493| INFO Microsoft.Hosting.Lifetime 
Hosting environment: Development
--------------------------------
2022-04-09 15:04:41,494| INFO Microsoft.Hosting.Lifetime 
Content root path: H:\桌面\ShowTimeCodeEnd\ShowTimeCode\
--------------------------------
2022-04-09 21:20:50,732| INFO Microsoft.Hosting.Lifetime 
Now listening on: http://localhost:5140
--------------------------------
2022-04-09 21:20:50,739| INFO Microsoft.Hosting.Lifetime 
Application started. Press Ctrl+C to shut down.
--------------------------------
2022-04-09 21:20:50,741| INFO Microsoft.Hosting.Lifetime 
Hosting environment: Development
--------------------------------
2022-04-09 21:20:50,743| INFO Microsoft.Hosting.Lifetime 
Content root path: H:\桌面\ShowTimeCodeEnd\ShowTimeCode\
--------------------------------
2022-04-09 21:33:51,776| INFO Microsoft.Hosting.Lifetime 
Now listening on: http://localhost:5140
--------------------------------
2022-04-09 21:33:51,786| INFO Microsoft.Hosting.Lifetime 
Application started. Press Ctrl+C to shut down.
--------------------------------
2022-04-09 21:33:51,788| INFO Microsoft.Hosting.Lifetime 
Hosting environment: Development
--------------------------------
2022-04-09 21:33:51,790| INFO Microsoft.Hosting.Lifetime 
Content root path: H:\桌面\ShowTimeCodeEnd\ShowTimeCode\
--------------------------------
2022-04-09 21:42:39,685| INFO Microsoft.Hosting.Lifetime 
Now listening on: http://localhost:5140
--------------------------------
2022-04-09 21:42:39,696| INFO Microsoft.Hosting.Lifetime 
Application started. Press Ctrl+C to shut down.
--------------------------------
2022-04-09 21:42:39,697| INFO Microsoft.Hosting.Lifetime 
Hosting environment: Development
--------------------------------
2022-04-09 21:42:39,699| INFO Microsoft.Hosting.Lifetime 
Content root path: H:\桌面\ShowTimeCodeEnd\ShowTimeCode\
--------------------------------
