2022-04-22 03:50:33,970| INFO Microsoft.Hosting.Lifetime 
Now listening on: http://localhost:5140
--------------------------------
2022-04-22 03:50:33,978| INFO Microsoft.Hosting.Lifetime 
Application started. Press Ctrl+C to shut down.
--------------------------------
2022-04-22 03:50:33,980| INFO Microsoft.Hosting.Lifetime 
Hosting environment: Development
--------------------------------
2022-04-22 03:50:33,981| INFO Microsoft.Hosting.Lifetime 
Content root path: H:\桌面\ShowTimeCodeEnd\ShowTimeCode\
--------------------------------
2022-04-22 03:52:50,550| INFO Microsoft.Hosting.Lifetime 
Now listening on: http://localhost:5140
--------------------------------
2022-04-22 03:52:50,568| INFO Microsoft.Hosting.Lifetime 
Application started. Press Ctrl+C to shut down.
--------------------------------
2022-04-22 03:52:50,569| INFO Microsoft.Hosting.Lifetime 
Hosting environment: Development
--------------------------------
2022-04-22 03:52:50,571| INFO Microsoft.Hosting.Lifetime 
Content root path: H:\桌面\ShowTimeCodeEnd\ShowTimeCode\
--------------------------------
2022-04-22 03:53:32,250| INFO Microsoft.Hosting.Lifetime 
Now listening on: http://localhost:5140
--------------------------------
2022-04-22 03:53:32,258| INFO Microsoft.Hosting.Lifetime 
Application started. Press Ctrl+C to shut down.
--------------------------------
2022-04-22 03:53:32,259| INFO Microsoft.Hosting.Lifetime 
Hosting environment: Development
--------------------------------
2022-04-22 03:53:32,261| INFO Microsoft.Hosting.Lifetime 
Content root path: H:\桌面\ShowTimeCodeEnd\ShowTimeCode\
--------------------------------
2022-04-22 04:03:42,554| INFO Microsoft.Hosting.Lifetime 
Now listening on: http://localhost:5140
--------------------------------
2022-04-22 04:03:42,562| INFO Microsoft.Hosting.Lifetime 
Application started. Press Ctrl+C to shut down.
--------------------------------
2022-04-22 04:03:42,563| INFO Microsoft.Hosting.Lifetime 
Hosting environment: Development
--------------------------------
2022-04-22 04:03:42,565| INFO Microsoft.Hosting.Lifetime 
Content root path: H:\桌面\ShowTimeCodeEnd\ShowTimeCode\
--------------------------------
2022-04-22 04:05:24,437| INFO Microsoft.Hosting.Lifetime 
Now listening on: http://localhost:5140
--------------------------------
2022-04-22 04:05:24,452| INFO Microsoft.Hosting.Lifetime 
Application started. Press Ctrl+C to shut down.
--------------------------------
2022-04-22 04:05:24,454| INFO Microsoft.Hosting.Lifetime 
Hosting environment: Development
--------------------------------
2022-04-22 04:05:24,456| INFO Microsoft.Hosting.Lifetime 
Content root path: H:\桌面\ShowTimeCodeEnd\ShowTimeCode\
--------------------------------
2022-04-22 04:06:50,029| INFO Microsoft.Hosting.Lifetime 
Now listening on: http://localhost:5140
--------------------------------
2022-04-22 04:06:50,037| INFO Microsoft.Hosting.Lifetime 
Application started. Press Ctrl+C to shut down.
--------------------------------
2022-04-22 04:06:50,039| INFO Microsoft.Hosting.Lifetime 
Hosting environment: Development
--------------------------------
2022-04-22 04:06:50,040| INFO Microsoft.Hosting.Lifetime 
Content root path: H:\桌面\ShowTimeCodeEnd\ShowTimeCode\
--------------------------------
2022-04-22 04:08:52,634| INFO Microsoft.Hosting.Lifetime 
Now listening on: http://localhost:5140
--------------------------------
2022-04-22 04:08:52,644| INFO Microsoft.Hosting.Lifetime 
Application started. Press Ctrl+C to shut down.
--------------------------------
2022-04-22 04:08:52,646| INFO Microsoft.Hosting.Lifetime 
Hosting environment: Development
--------------------------------
2022-04-22 04:08:52,647| INFO Microsoft.Hosting.Lifetime 
Content root path: H:\桌面\ShowTimeCodeEnd\ShowTimeCode\
--------------------------------
2022-04-22 04:11:57,406| INFO Microsoft.Hosting.Lifetime 
Now listening on: http://localhost:5140
--------------------------------
2022-04-22 04:11:57,414| INFO Microsoft.Hosting.Lifetime 
Application started. Press Ctrl+C to shut down.
--------------------------------
2022-04-22 04:11:57,416| INFO Microsoft.Hosting.Lifetime 
Hosting environment: Development
--------------------------------
2022-04-22 04:11:57,417| INFO Microsoft.Hosting.Lifetime 
Content root path: H:\桌面\ShowTimeCodeEnd\ShowTimeCode\
--------------------------------
2022-04-22 04:16:51,670| INFO Microsoft.Hosting.Lifetime 
Now listening on: http://localhost:5140
--------------------------------
2022-04-22 04:16:51,680| INFO Microsoft.Hosting.Lifetime 
Application started. Press Ctrl+C to shut down.
--------------------------------
2022-04-22 04:16:51,682| INFO Microsoft.Hosting.Lifetime 
Hosting environment: Development
--------------------------------
2022-04-22 04:16:51,684| INFO Microsoft.Hosting.Lifetime 
Content root path: H:\桌面\ShowTimeCodeEnd\ShowTimeCode\
--------------------------------
