2022-02-17 11:31:15,266| INFO Microsoft.Hosting.Lifetime 
Now listening on: http://localhost:5140
--------------------------------
2022-02-17 11:31:15,274| INFO Microsoft.Hosting.Lifetime 
Application started. Press Ctrl+C to shut down.
--------------------------------
2022-02-17 11:31:15,276| INFO Microsoft.Hosting.Lifetime 
Hosting environment: Development
--------------------------------
2022-02-17 11:31:15,278| INFO Microsoft.Hosting.Lifetime 
Content root path: H:\桌面\NewProject\ShowTimeCode\ShowTimeCode\
--------------------------------
2022-02-17 11:31:54,841| INFO Microsoft.Hosting.Lifetime 
Now listening on: http://localhost:5140
--------------------------------
2022-02-17 11:31:54,849| INFO Microsoft.Hosting.Lifetime 
Application started. Press Ctrl+C to shut down.
--------------------------------
2022-02-17 11:31:54,850| INFO Microsoft.Hosting.Lifetime 
Hosting environment: Development
--------------------------------
2022-02-17 11:31:54,851| INFO Microsoft.Hosting.Lifetime 
Content root path: H:\桌面\NewProject\ShowTimeCode\ShowTimeCode\
--------------------------------
2022-02-17 11:34:16,091| INFO Microsoft.Hosting.Lifetime 
Now listening on: http://localhost:5140
--------------------------------
2022-02-17 11:34:16,104| INFO Microsoft.Hosting.Lifetime 
Application started. Press Ctrl+C to shut down.
--------------------------------
2022-02-17 11:34:16,106| INFO Microsoft.Hosting.Lifetime 
Hosting environment: Development
--------------------------------
2022-02-17 11:34:16,111| INFO Microsoft.Hosting.Lifetime 
Content root path: H:\桌面\NewProject\ShowTimeCode\ShowTimeCode\
--------------------------------
2022-02-17 11:36:06,714| INFO Microsoft.Hosting.Lifetime 
Now listening on: http://localhost:5140
--------------------------------
2022-02-17 11:36:06,721| INFO Microsoft.Hosting.Lifetime 
Application started. Press Ctrl+C to shut down.
--------------------------------
2022-02-17 11:36:06,722| INFO Microsoft.Hosting.Lifetime 
Hosting environment: Development
--------------------------------
2022-02-17 11:36:06,723| INFO Microsoft.Hosting.Lifetime 
Content root path: H:\桌面\NewProject\ShowTimeCode\ShowTimeCode\
--------------------------------
2022-02-17 11:48:51,655| INFO Microsoft.Hosting.Lifetime 
Now listening on: http://localhost:5140
--------------------------------
2022-02-17 11:48:51,664| INFO Microsoft.Hosting.Lifetime 
Application started. Press Ctrl+C to shut down.
--------------------------------
2022-02-17 11:48:51,666| INFO Microsoft.Hosting.Lifetime 
Hosting environment: Development
--------------------------------
2022-02-17 11:48:51,667| INFO Microsoft.Hosting.Lifetime 
Content root path: H:\桌面\NewProject\ShowTimeCode\ShowTimeCode\
--------------------------------
2022-02-17 11:50:55,737| INFO Microsoft.Hosting.Lifetime 
Now listening on: http://localhost:5140
--------------------------------
2022-02-17 11:50:55,748| INFO Microsoft.Hosting.Lifetime 
Application started. Press Ctrl+C to shut down.
--------------------------------
2022-02-17 11:50:55,750| INFO Microsoft.Hosting.Lifetime 
Hosting environment: Development
--------------------------------
2022-02-17 11:50:55,751| INFO Microsoft.Hosting.Lifetime 
Content root path: H:\桌面\NewProject\ShowTimeCode\ShowTimeCode\
--------------------------------
2022-02-17 11:53:03,237| INFO Microsoft.Hosting.Lifetime 
Now listening on: http://localhost:5140
--------------------------------
2022-02-17 11:53:03,246| INFO Microsoft.Hosting.Lifetime 
Application started. Press Ctrl+C to shut down.
--------------------------------
2022-02-17 11:53:03,247| INFO Microsoft.Hosting.Lifetime 
Hosting environment: Development
--------------------------------
2022-02-17 11:53:03,249| INFO Microsoft.Hosting.Lifetime 
Content root path: H:\桌面\NewProject\ShowTimeCode\ShowTimeCode\
--------------------------------
2022-02-17 11:56:40,040| INFO Microsoft.Hosting.Lifetime 
Now listening on: http://localhost:5140
--------------------------------
2022-02-17 11:56:40,048| INFO Microsoft.Hosting.Lifetime 
Application started. Press Ctrl+C to shut down.
--------------------------------
2022-02-17 11:56:40,049| INFO Microsoft.Hosting.Lifetime 
Hosting environment: Development
--------------------------------
2022-02-17 11:56:40,051| INFO Microsoft.Hosting.Lifetime 
Content root path: H:\桌面\NewProject\ShowTimeCode\ShowTimeCode\
--------------------------------
2022-02-17 11:57:49,728| INFO Microsoft.Hosting.Lifetime 
Now listening on: http://localhost:5140
--------------------------------
2022-02-17 11:57:49,737| INFO Microsoft.Hosting.Lifetime 
Application started. Press Ctrl+C to shut down.
--------------------------------
2022-02-17 11:57:49,738| INFO Microsoft.Hosting.Lifetime 
Hosting environment: Development
--------------------------------
2022-02-17 11:57:49,740| INFO Microsoft.Hosting.Lifetime 
Content root path: H:\桌面\NewProject\ShowTimeCode\ShowTimeCode\
--------------------------------
2022-02-17 11:58:09,297| INFO Microsoft.Hosting.Lifetime 
Now listening on: http://localhost:5140
--------------------------------
2022-02-17 11:58:09,305| INFO Microsoft.Hosting.Lifetime 
Application started. Press Ctrl+C to shut down.
--------------------------------
2022-02-17 11:58:09,306| INFO Microsoft.Hosting.Lifetime 
Hosting environment: Development
--------------------------------
2022-02-17 11:58:09,308| INFO Microsoft.Hosting.Lifetime 
Content root path: H:\桌面\NewProject\ShowTimeCode\ShowTimeCode\
--------------------------------
2022-02-17 12:02:07,513| INFO Microsoft.Hosting.Lifetime 
Now listening on: http://localhost:5140
--------------------------------
2022-02-17 12:02:07,521| INFO Microsoft.Hosting.Lifetime 
Application started. Press Ctrl+C to shut down.
--------------------------------
2022-02-17 12:02:07,523| INFO Microsoft.Hosting.Lifetime 
Hosting environment: Development
--------------------------------
2022-02-17 12:02:07,524| INFO Microsoft.Hosting.Lifetime 
Content root path: H:\桌面\NewProject\ShowTimeCode\ShowTimeCode\
--------------------------------
