2022-04-14 00:45:45,161| INFO Microsoft.Hosting.Lifetime 
Now listening on: http://localhost:5140
--------------------------------
2022-04-14 00:45:45,168| INFO Microsoft.Hosting.Lifetime 
Application started. Press Ctrl+C to shut down.
--------------------------------
2022-04-14 00:45:45,170| INFO Microsoft.Hosting.Lifetime 
Hosting environment: Development
--------------------------------
2022-04-14 00:45:45,171| INFO Microsoft.Hosting.Lifetime 
Content root path: H:\桌面\ShowTimeCodeEnd\ShowTimeCode\
--------------------------------
2022-04-14 00:58:56,262| INFO Microsoft.Hosting.Lifetime 
Now listening on: http://localhost:5140
--------------------------------
2022-04-14 00:58:56,270| INFO Microsoft.Hosting.Lifetime 
Application started. Press Ctrl+C to shut down.
--------------------------------
2022-04-14 00:58:56,272| INFO Microsoft.Hosting.Lifetime 
Hosting environment: Development
--------------------------------
2022-04-14 00:58:56,276| INFO Microsoft.Hosting.Lifetime 
Content root path: H:\桌面\ShowTimeCodeEnd\ShowTimeCode\
--------------------------------
2022-04-14 01:06:25,790| INFO Microsoft.Hosting.Lifetime 
Now listening on: http://localhost:5140
--------------------------------
2022-04-14 01:06:25,802| INFO Microsoft.Hosting.Lifetime 
Application started. Press Ctrl+C to shut down.
--------------------------------
2022-04-14 01:06:25,804| INFO Microsoft.Hosting.Lifetime 
Hosting environment: Development
--------------------------------
2022-04-14 01:06:25,805| INFO Microsoft.Hosting.Lifetime 
Content root path: H:\桌面\ShowTimeCodeEnd\ShowTimeCode\
--------------------------------
2022-04-14 12:43:46,810| INFO Microsoft.Hosting.Lifetime 
Now listening on: http://localhost:5140
--------------------------------
2022-04-14 12:43:46,818| INFO Microsoft.Hosting.Lifetime 
Application started. Press Ctrl+C to shut down.
--------------------------------
2022-04-14 12:43:46,820| INFO Microsoft.Hosting.Lifetime 
Hosting environment: Development
--------------------------------
2022-04-14 12:43:46,821| INFO Microsoft.Hosting.Lifetime 
Content root path: H:\桌面\ShowTimeCodeEnd\ShowTimeCode\
--------------------------------
