2022-04-03 13:27:47,594| INFO Microsoft.Hosting.Lifetime 
Now listening on: http://localhost:5140
--------------------------------
2022-04-03 13:27:47,601| INFO Microsoft.Hosting.Lifetime 
Application started. Press Ctrl+C to shut down.
--------------------------------
2022-04-03 13:27:47,603| INFO Microsoft.Hosting.Lifetime 
Hosting environment: Development
--------------------------------
2022-04-03 13:27:47,604| INFO Microsoft.Hosting.Lifetime 
Content root path: H:\桌面\ShowTimeCodeEnd\ShowTimeCode\
--------------------------------
2022-04-03 14:05:09,469| INFO Microsoft.Hosting.Lifetime 
Now listening on: http://localhost:5140
--------------------------------
2022-04-03 14:05:09,485| INFO Microsoft.Hosting.Lifetime 
Application started. Press Ctrl+C to shut down.
--------------------------------
2022-04-03 14:05:09,486| INFO Microsoft.Hosting.Lifetime 
Hosting environment: Development
--------------------------------
2022-04-03 14:05:09,487| INFO Microsoft.Hosting.Lifetime 
Content root path: H:\桌面\ShowTimeCodeEnd\ShowTimeCode\
--------------------------------
2022-04-03 15:00:03,885| INFO Microsoft.Hosting.Lifetime 
Now listening on: http://localhost:5140
--------------------------------
2022-04-03 15:00:03,894| INFO Microsoft.Hosting.Lifetime 
Application started. Press Ctrl+C to shut down.
--------------------------------
2022-04-03 15:00:03,896| INFO Microsoft.Hosting.Lifetime 
Hosting environment: Development
--------------------------------
2022-04-03 15:00:03,898| INFO Microsoft.Hosting.Lifetime 
Content root path: H:\桌面\ShowTimeCodeEnd\ShowTimeCode\
--------------------------------
