2022-04-16 19:07:52,469| INFO Microsoft.Hosting.Lifetime 
Now listening on: http://localhost:5140
--------------------------------
2022-04-16 19:07:52,478| INFO Microsoft.Hosting.Lifetime 
Application started. Press Ctrl+C to shut down.
--------------------------------
2022-04-16 19:07:52,479| INFO Microsoft.Hosting.Lifetime 
Hosting environment: Development
--------------------------------
2022-04-16 19:07:52,480| INFO Microsoft.Hosting.Lifetime 
Content root path: H:\桌面\ShowTimeCodeEnd\ShowTimeCode\
--------------------------------
2022-04-16 19:48:11,747| INFO Microsoft.Hosting.Lifetime 
Now listening on: http://localhost:5140
--------------------------------
2022-04-16 19:48:11,757| INFO Microsoft.Hosting.Lifetime 
Application started. Press Ctrl+C to shut down.
--------------------------------
2022-04-16 19:48:11,759| INFO Microsoft.Hosting.Lifetime 
Hosting environment: Development
--------------------------------
2022-04-16 19:48:11,760| INFO Microsoft.Hosting.Lifetime 
Content root path: H:\桌面\ShowTimeCodeEnd\ShowTimeCode\
--------------------------------
2022-04-16 19:56:42,252| INFO Microsoft.Hosting.Lifetime 
Now listening on: http://localhost:5140
--------------------------------
2022-04-16 19:56:42,266| INFO Microsoft.Hosting.Lifetime 
Application started. Press Ctrl+C to shut down.
--------------------------------
2022-04-16 19:56:42,268| INFO Microsoft.Hosting.Lifetime 
Hosting environment: Development
--------------------------------
2022-04-16 19:56:42,269| INFO Microsoft.Hosting.Lifetime 
Content root path: H:\桌面\ShowTimeCodeEnd\ShowTimeCode\
--------------------------------
2022-04-16 20:28:18,818| INFO Microsoft.Hosting.Lifetime 
Now listening on: http://localhost:5140
--------------------------------
2022-04-16 20:28:18,827| INFO Microsoft.Hosting.Lifetime 
Application started. Press Ctrl+C to shut down.
--------------------------------
2022-04-16 20:28:18,830| INFO Microsoft.Hosting.Lifetime 
Hosting environment: Development
--------------------------------
2022-04-16 20:28:18,832| INFO Microsoft.Hosting.Lifetime 
Content root path: H:\桌面\ShowTimeCodeEnd\ShowTimeCode\
--------------------------------
2022-04-16 20:34:15,112| INFO Microsoft.Hosting.Lifetime 
Now listening on: http://localhost:5140
--------------------------------
2022-04-16 20:34:15,120| INFO Microsoft.Hosting.Lifetime 
Application started. Press Ctrl+C to shut down.
--------------------------------
2022-04-16 20:34:15,122| INFO Microsoft.Hosting.Lifetime 
Hosting environment: Development
--------------------------------
2022-04-16 20:34:15,124| INFO Microsoft.Hosting.Lifetime 
Content root path: H:\桌面\ShowTimeCodeEnd\ShowTimeCode\
--------------------------------
2022-04-16 22:13:30,897| INFO Microsoft.Hosting.Lifetime 
Now listening on: http://localhost:5140
--------------------------------
2022-04-16 22:13:30,907| INFO Microsoft.Hosting.Lifetime 
Application started. Press Ctrl+C to shut down.
--------------------------------
2022-04-16 22:13:30,909| INFO Microsoft.Hosting.Lifetime 
Hosting environment: Development
--------------------------------
2022-04-16 22:13:30,912| INFO Microsoft.Hosting.Lifetime 
Content root path: H:\桌面\ShowTimeCodeEnd\ShowTimeCode\
--------------------------------
