2022-02-04 13:13:45,318| INFO Microsoft.Hosting.Lifetime 
Now listening on: http://localhost:5140
--------------------------------
2022-02-04 13:13:45,326| INFO Microsoft.Hosting.Lifetime 
Application started. Press Ctrl+C to shut down.
--------------------------------
2022-02-04 13:13:45,327| INFO Microsoft.Hosting.Lifetime 
Hosting environment: Development
--------------------------------
2022-02-04 13:13:45,329| INFO Microsoft.Hosting.Lifetime 
Content root path: H:\桌面\NewProject\ShowTimeCode\ShowTimeCode\
--------------------------------
2022-02-04 13:26:56,228| INFO Microsoft.Hosting.Lifetime 
Now listening on: http://localhost:5140
--------------------------------
2022-02-04 13:26:56,247| INFO Microsoft.Hosting.Lifetime 
Application started. Press Ctrl+C to shut down.
--------------------------------
2022-02-04 13:26:56,251| INFO Microsoft.Hosting.Lifetime 
Hosting environment: Development
--------------------------------
2022-02-04 13:26:56,252| INFO Microsoft.Hosting.Lifetime 
Content root path: H:\桌面\NewProject\ShowTimeCode\ShowTimeCode\
--------------------------------
2022-02-04 13:27:22,980| INFO Microsoft.Hosting.Lifetime 
Now listening on: http://localhost:5140
--------------------------------
2022-02-04 13:27:22,995| INFO Microsoft.Hosting.Lifetime 
Application started. Press Ctrl+C to shut down.
--------------------------------
2022-02-04 13:27:22,997| INFO Microsoft.Hosting.Lifetime 
Hosting environment: Development
--------------------------------
2022-02-04 13:27:23,001| INFO Microsoft.Hosting.Lifetime 
Content root path: H:\桌面\NewProject\ShowTimeCode\ShowTimeCode\
--------------------------------
2022-02-04 14:06:53,620| INFO Microsoft.Hosting.Lifetime 
Now listening on: http://localhost:5140
--------------------------------
2022-02-04 14:06:53,632| INFO Microsoft.Hosting.Lifetime 
Application started. Press Ctrl+C to shut down.
--------------------------------
2022-02-04 14:06:53,634| INFO Microsoft.Hosting.Lifetime 
Hosting environment: Development
--------------------------------
2022-02-04 14:06:53,636| INFO Microsoft.Hosting.Lifetime 
Content root path: H:\桌面\NewProject\ShowTimeCode\ShowTimeCode\
--------------------------------
