2022-04-10 12:50:56,478| INFO Microsoft.Hosting.Lifetime 
Now listening on: http://localhost:5140
--------------------------------
2022-04-10 12:50:56,486| INFO Microsoft.Hosting.Lifetime 
Application started. Press Ctrl+C to shut down.
--------------------------------
2022-04-10 12:50:56,487| INFO Microsoft.Hosting.Lifetime 
Hosting environment: Development
--------------------------------
2022-04-10 12:50:56,489| INFO Microsoft.Hosting.Lifetime 
Content root path: H:\桌面\ShowTimeCodeEnd\ShowTimeCode\
--------------------------------
2022-04-10 14:02:05,408| INFO Microsoft.Hosting.Lifetime 
Now listening on: http://localhost:5140
--------------------------------
2022-04-10 14:02:05,417| INFO Microsoft.Hosting.Lifetime 
Application started. Press Ctrl+C to shut down.
--------------------------------
2022-04-10 14:02:05,420| INFO Microsoft.Hosting.Lifetime 
Hosting environment: Development
--------------------------------
2022-04-10 14:02:05,424| INFO Microsoft.Hosting.Lifetime 
Content root path: H:\桌面\ShowTimeCodeEnd\ShowTimeCode\
--------------------------------
2022-04-10 18:40:44,982| INFO Microsoft.Hosting.Lifetime 
Now listening on: http://localhost:5140
--------------------------------
2022-04-10 18:40:44,989| INFO Microsoft.Hosting.Lifetime 
Application started. Press Ctrl+C to shut down.
--------------------------------
2022-04-10 18:40:44,991| INFO Microsoft.Hosting.Lifetime 
Hosting environment: Development
--------------------------------
2022-04-10 18:40:44,992| INFO Microsoft.Hosting.Lifetime 
Content root path: H:\桌面\ShowTimeCodeEnd\ShowTimeCode\
--------------------------------
