2022-02-02 18:06:43,099| INFO Microsoft.Hosting.Lifetime 
Now listening on: http://localhost:5140
--------------------------------
2022-02-02 18:06:43,112| INFO Microsoft.Hosting.Lifetime 
Application started. Press Ctrl+C to shut down.
--------------------------------
2022-02-02 18:06:43,114| INFO Microsoft.Hosting.Lifetime 
Hosting environment: Development
--------------------------------
2022-02-02 18:06:43,119| INFO Microsoft.Hosting.Lifetime 
Content root path: H:\桌面\NewProject\ShowTimeCode\ShowTimeCode\
--------------------------------
2022-02-02 18:10:57,398| INFO Microsoft.Hosting.Lifetime 
Now listening on: http://localhost:5140
--------------------------------
2022-02-02 18:10:57,411| INFO Microsoft.Hosting.Lifetime 
Application started. Press Ctrl+C to shut down.
--------------------------------
2022-02-02 18:10:57,413| INFO Microsoft.Hosting.Lifetime 
Hosting environment: Development
--------------------------------
2022-02-02 18:10:57,417| INFO Microsoft.Hosting.Lifetime 
Content root path: H:\桌面\NewProject\ShowTimeCode\ShowTimeCode\
--------------------------------
2022-02-02 18:14:40,942| INFO Microsoft.Hosting.Lifetime 
Now listening on: http://localhost:5140
--------------------------------
2022-02-02 18:14:40,956| INFO Microsoft.Hosting.Lifetime 
Application started. Press Ctrl+C to shut down.
--------------------------------
2022-02-02 18:14:40,958| INFO Microsoft.Hosting.Lifetime 
Hosting environment: Development
--------------------------------
2022-02-02 18:14:40,959| INFO Microsoft.Hosting.Lifetime 
Content root path: H:\桌面\NewProject\ShowTimeCode\ShowTimeCode\
--------------------------------
