2022-04-21 00:06:45,083| INFO Microsoft.Hosting.Lifetime 
Now listening on: http://localhost:5140
--------------------------------
2022-04-21 00:06:45,093| INFO Microsoft.Hosting.Lifetime 
Application started. Press Ctrl+C to shut down.
--------------------------------
2022-04-21 00:06:45,095| INFO Microsoft.Hosting.Lifetime 
Hosting environment: Development
--------------------------------
2022-04-21 00:06:45,097| INFO Microsoft.Hosting.Lifetime 
Content root path: H:\桌面\ShowTimeCodeEnd\ShowTimeCode\
--------------------------------
2022-04-21 00:07:03,563| INFO Microsoft.Hosting.Lifetime 
Now listening on: http://localhost:5140
--------------------------------
2022-04-21 00:07:03,582| INFO Microsoft.Hosting.Lifetime 
Application started. Press Ctrl+C to shut down.
--------------------------------
2022-04-21 00:07:03,584| INFO Microsoft.Hosting.Lifetime 
Hosting environment: Development
--------------------------------
2022-04-21 00:07:03,587| INFO Microsoft.Hosting.Lifetime 
Content root path: H:\桌面\ShowTimeCodeEnd\ShowTimeCode\
--------------------------------
2022-04-21 00:07:20,003| INFO Microsoft.Hosting.Lifetime 
Now listening on: http://localhost:5140
--------------------------------
2022-04-21 00:07:20,012| INFO Microsoft.Hosting.Lifetime 
Application started. Press Ctrl+C to shut down.
--------------------------------
2022-04-21 00:07:20,013| INFO Microsoft.Hosting.Lifetime 
Hosting environment: Development
--------------------------------
2022-04-21 00:07:20,014| INFO Microsoft.Hosting.Lifetime 
Content root path: H:\桌面\ShowTimeCodeEnd\ShowTimeCode\
--------------------------------
2022-04-21 00:09:23,607| INFO Microsoft.Hosting.Lifetime 
Now listening on: http://localhost:5140
--------------------------------
2022-04-21 00:09:23,619| INFO Microsoft.Hosting.Lifetime 
Application started. Press Ctrl+C to shut down.
--------------------------------
2022-04-21 00:09:23,621| INFO Microsoft.Hosting.Lifetime 
Hosting environment: Development
--------------------------------
2022-04-21 00:09:23,623| INFO Microsoft.Hosting.Lifetime 
Content root path: H:\桌面\ShowTimeCodeEnd\ShowTimeCode\
--------------------------------
2022-04-21 00:11:41,158| INFO Microsoft.Hosting.Lifetime 
Now listening on: http://localhost:5140
--------------------------------
2022-04-21 00:11:41,168| INFO Microsoft.Hosting.Lifetime 
Application started. Press Ctrl+C to shut down.
--------------------------------
2022-04-21 00:11:41,170| INFO Microsoft.Hosting.Lifetime 
Hosting environment: Development
--------------------------------
2022-04-21 00:11:41,172| INFO Microsoft.Hosting.Lifetime 
Content root path: H:\桌面\ShowTimeCodeEnd\ShowTimeCode\
--------------------------------
2022-04-21 00:15:47,186| INFO Microsoft.Hosting.Lifetime 
Now listening on: http://localhost:5140
--------------------------------
2022-04-21 00:15:47,195| INFO Microsoft.Hosting.Lifetime 
Application started. Press Ctrl+C to shut down.
--------------------------------
2022-04-21 00:15:47,197| INFO Microsoft.Hosting.Lifetime 
Hosting environment: Development
--------------------------------
2022-04-21 00:15:47,198| INFO Microsoft.Hosting.Lifetime 
Content root path: H:\桌面\ShowTimeCodeEnd\ShowTimeCode\
--------------------------------
2022-04-21 00:16:40,056| INFO Microsoft.Hosting.Lifetime 
Now listening on: http://localhost:5140
--------------------------------
2022-04-21 00:16:40,063| INFO Microsoft.Hosting.Lifetime 
Application started. Press Ctrl+C to shut down.
--------------------------------
2022-04-21 00:16:40,065| INFO Microsoft.Hosting.Lifetime 
Hosting environment: Development
--------------------------------
2022-04-21 00:16:40,067| INFO Microsoft.Hosting.Lifetime 
Content root path: H:\桌面\ShowTimeCodeEnd\ShowTimeCode\
--------------------------------
2022-04-21 00:17:45,714| INFO Microsoft.Hosting.Lifetime 
Now listening on: http://localhost:5140
--------------------------------
2022-04-21 00:17:45,722| INFO Microsoft.Hosting.Lifetime 
Application started. Press Ctrl+C to shut down.
--------------------------------
2022-04-21 00:17:45,724| INFO Microsoft.Hosting.Lifetime 
Hosting environment: Development
--------------------------------
2022-04-21 00:17:45,725| INFO Microsoft.Hosting.Lifetime 
Content root path: H:\桌面\ShowTimeCodeEnd\ShowTimeCode\
--------------------------------
2022-04-21 00:19:56,126| INFO Microsoft.Hosting.Lifetime 
Now listening on: http://localhost:5140
--------------------------------
2022-04-21 00:19:56,135| INFO Microsoft.Hosting.Lifetime 
Application started. Press Ctrl+C to shut down.
--------------------------------
2022-04-21 00:19:56,138| INFO Microsoft.Hosting.Lifetime 
Hosting environment: Development
--------------------------------
2022-04-21 00:19:56,140| INFO Microsoft.Hosting.Lifetime 
Content root path: H:\桌面\ShowTimeCodeEnd\ShowTimeCode\
--------------------------------
2022-04-21 00:30:03,422| INFO Microsoft.Hosting.Lifetime 
Now listening on: http://localhost:5140
--------------------------------
2022-04-21 00:30:03,431| INFO Microsoft.Hosting.Lifetime 
Application started. Press Ctrl+C to shut down.
--------------------------------
2022-04-21 00:30:03,432| INFO Microsoft.Hosting.Lifetime 
Hosting environment: Development
--------------------------------
2022-04-21 00:30:03,434| INFO Microsoft.Hosting.Lifetime 
Content root path: H:\桌面\ShowTimeCodeEnd\ShowTimeCode\
--------------------------------
2022-04-21 00:36:54,125| INFO Microsoft.Hosting.Lifetime 
Now listening on: http://localhost:5140
--------------------------------
2022-04-21 00:36:54,135| INFO Microsoft.Hosting.Lifetime 
Application started. Press Ctrl+C to shut down.
--------------------------------
2022-04-21 00:36:54,137| INFO Microsoft.Hosting.Lifetime 
Hosting environment: Development
--------------------------------
2022-04-21 00:36:54,141| INFO Microsoft.Hosting.Lifetime 
Content root path: H:\桌面\ShowTimeCodeEnd\ShowTimeCode\
--------------------------------
2022-04-21 00:37:59,411| INFO Microsoft.Hosting.Lifetime 
Now listening on: http://localhost:5140
--------------------------------
2022-04-21 00:37:59,420| INFO Microsoft.Hosting.Lifetime 
Application started. Press Ctrl+C to shut down.
--------------------------------
2022-04-21 00:37:59,421| INFO Microsoft.Hosting.Lifetime 
Hosting environment: Development
--------------------------------
2022-04-21 00:37:59,423| INFO Microsoft.Hosting.Lifetime 
Content root path: H:\桌面\ShowTimeCodeEnd\ShowTimeCode\
--------------------------------
2022-04-21 00:39:52,424| INFO Microsoft.Hosting.Lifetime 
Now listening on: http://localhost:5140
--------------------------------
2022-04-21 00:39:52,432| INFO Microsoft.Hosting.Lifetime 
Application started. Press Ctrl+C to shut down.
--------------------------------
2022-04-21 00:39:52,433| INFO Microsoft.Hosting.Lifetime 
Hosting environment: Development
--------------------------------
2022-04-21 00:39:52,434| INFO Microsoft.Hosting.Lifetime 
Content root path: H:\桌面\ShowTimeCodeEnd\ShowTimeCode\
--------------------------------
2022-04-21 00:41:22,027| INFO Microsoft.Hosting.Lifetime 
Now listening on: http://localhost:5140
--------------------------------
2022-04-21 00:41:22,036| INFO Microsoft.Hosting.Lifetime 
Application started. Press Ctrl+C to shut down.
--------------------------------
2022-04-21 00:41:22,037| INFO Microsoft.Hosting.Lifetime 
Hosting environment: Development
--------------------------------
2022-04-21 00:41:22,040| INFO Microsoft.Hosting.Lifetime 
Content root path: H:\桌面\ShowTimeCodeEnd\ShowTimeCode\
--------------------------------
2022-04-21 00:47:29,906| INFO Microsoft.Hosting.Lifetime 
Now listening on: http://localhost:5140
--------------------------------
2022-04-21 00:47:29,917| INFO Microsoft.Hosting.Lifetime 
Application started. Press Ctrl+C to shut down.
--------------------------------
2022-04-21 00:47:29,919| INFO Microsoft.Hosting.Lifetime 
Hosting environment: Development
--------------------------------
2022-04-21 00:47:29,921| INFO Microsoft.Hosting.Lifetime 
Content root path: H:\桌面\ShowTimeCodeEnd\ShowTimeCode\
--------------------------------
2022-04-21 00:48:17,139| INFO Microsoft.Hosting.Lifetime 
Now listening on: http://localhost:5140
--------------------------------
2022-04-21 00:48:17,146| INFO Microsoft.Hosting.Lifetime 
Application started. Press Ctrl+C to shut down.
--------------------------------
2022-04-21 00:48:17,148| INFO Microsoft.Hosting.Lifetime 
Hosting environment: Development
--------------------------------
2022-04-21 00:48:17,149| INFO Microsoft.Hosting.Lifetime 
Content root path: H:\桌面\ShowTimeCodeEnd\ShowTimeCode\
--------------------------------
2022-04-21 00:48:48,623| INFO Microsoft.Hosting.Lifetime 
Now listening on: http://localhost:5140
--------------------------------
2022-04-21 00:48:48,632| INFO Microsoft.Hosting.Lifetime 
Application started. Press Ctrl+C to shut down.
--------------------------------
2022-04-21 00:48:48,634| INFO Microsoft.Hosting.Lifetime 
Hosting environment: Development
--------------------------------
2022-04-21 00:48:48,635| INFO Microsoft.Hosting.Lifetime 
Content root path: H:\桌面\ShowTimeCodeEnd\ShowTimeCode\
--------------------------------
2022-04-21 00:51:09,878| INFO Microsoft.Hosting.Lifetime 
Now listening on: http://localhost:5140
--------------------------------
2022-04-21 00:51:09,887| INFO Microsoft.Hosting.Lifetime 
Application started. Press Ctrl+C to shut down.
--------------------------------
2022-04-21 00:51:09,889| INFO Microsoft.Hosting.Lifetime 
Hosting environment: Development
--------------------------------
2022-04-21 00:51:09,890| INFO Microsoft.Hosting.Lifetime 
Content root path: H:\桌面\ShowTimeCodeEnd\ShowTimeCode\
--------------------------------
2022-04-21 00:52:28,905| INFO Microsoft.Hosting.Lifetime 
Now listening on: http://localhost:5140
--------------------------------
2022-04-21 00:52:28,915| INFO Microsoft.Hosting.Lifetime 
Application started. Press Ctrl+C to shut down.
--------------------------------
2022-04-21 00:52:28,917| INFO Microsoft.Hosting.Lifetime 
Hosting environment: Development
--------------------------------
2022-04-21 00:52:28,919| INFO Microsoft.Hosting.Lifetime 
Content root path: H:\桌面\ShowTimeCodeEnd\ShowTimeCode\
--------------------------------
2022-04-21 00:54:32,312| INFO Microsoft.Hosting.Lifetime 
Now listening on: http://localhost:5140
--------------------------------
2022-04-21 00:54:32,321| INFO Microsoft.Hosting.Lifetime 
Application started. Press Ctrl+C to shut down.
--------------------------------
2022-04-21 00:54:32,323| INFO Microsoft.Hosting.Lifetime 
Hosting environment: Development
--------------------------------
2022-04-21 00:54:32,324| INFO Microsoft.Hosting.Lifetime 
Content root path: H:\桌面\ShowTimeCodeEnd\ShowTimeCode\
--------------------------------
2022-04-21 00:56:14,632| INFO Microsoft.Hosting.Lifetime 
Now listening on: http://localhost:5140
--------------------------------
2022-04-21 00:56:14,647| INFO Microsoft.Hosting.Lifetime 
Application started. Press Ctrl+C to shut down.
--------------------------------
2022-04-21 00:56:14,651| INFO Microsoft.Hosting.Lifetime 
Hosting environment: Development
--------------------------------
2022-04-21 00:56:14,655| INFO Microsoft.Hosting.Lifetime 
Content root path: H:\桌面\ShowTimeCodeEnd\ShowTimeCode\
--------------------------------
2022-04-21 01:01:40,485| INFO Microsoft.Hosting.Lifetime 
Now listening on: http://localhost:5140
--------------------------------
2022-04-21 01:01:40,495| INFO Microsoft.Hosting.Lifetime 
Application started. Press Ctrl+C to shut down.
--------------------------------
2022-04-21 01:01:40,497| INFO Microsoft.Hosting.Lifetime 
Hosting environment: Development
--------------------------------
2022-04-21 01:01:40,498| INFO Microsoft.Hosting.Lifetime 
Content root path: H:\桌面\ShowTimeCodeEnd\ShowTimeCode\
--------------------------------
2022-04-21 01:04:45,365| INFO Microsoft.Hosting.Lifetime 
Now listening on: http://localhost:5140
--------------------------------
2022-04-21 01:04:45,388| INFO Microsoft.Hosting.Lifetime 
Application started. Press Ctrl+C to shut down.
--------------------------------
2022-04-21 01:04:45,394| INFO Microsoft.Hosting.Lifetime 
Hosting environment: Development
--------------------------------
2022-04-21 01:04:45,396| INFO Microsoft.Hosting.Lifetime 
Content root path: H:\桌面\ShowTimeCodeEnd\ShowTimeCode\
--------------------------------
2022-04-21 01:05:42,239| INFO Microsoft.Hosting.Lifetime 
Now listening on: http://localhost:5140
--------------------------------
2022-04-21 01:05:42,252| INFO Microsoft.Hosting.Lifetime 
Application started. Press Ctrl+C to shut down.
--------------------------------
2022-04-21 01:05:42,253| INFO Microsoft.Hosting.Lifetime 
Hosting environment: Development
--------------------------------
2022-04-21 01:05:42,255| INFO Microsoft.Hosting.Lifetime 
Content root path: H:\桌面\ShowTimeCodeEnd\ShowTimeCode\
--------------------------------
