2022-03-07 01:30:51,485| INFO Microsoft.Hosting.Lifetime 
Now listening on: http://localhost:5140
--------------------------------
2022-03-07 01:30:51,494| INFO Microsoft.Hosting.Lifetime 
Application started. Press Ctrl+C to shut down.
--------------------------------
2022-03-07 01:30:51,496| INFO Microsoft.Hosting.Lifetime 
Hosting environment: Development
--------------------------------
2022-03-07 01:30:51,498| INFO Microsoft.Hosting.Lifetime 
Content root path: H:\桌面\NewProject\ShowTimeCode\ShowTimeCode\
--------------------------------
2022-03-07 20:52:46,115| INFO Microsoft.Hosting.Lifetime 
Now listening on: http://localhost:5140
--------------------------------
2022-03-07 20:52:46,124| INFO Microsoft.Hosting.Lifetime 
Application started. Press Ctrl+C to shut down.
--------------------------------
2022-03-07 20:52:46,126| INFO Microsoft.Hosting.Lifetime 
Hosting environment: Development
--------------------------------
2022-03-07 20:52:46,128| INFO Microsoft.Hosting.Lifetime 
Content root path: H:\桌面\NewProject\ShowTimeCode\ShowTimeCode\
--------------------------------
2022-03-07 21:09:27,905| INFO Microsoft.Hosting.Lifetime 
Now listening on: http://localhost:5140
--------------------------------
2022-03-07 21:09:27,915| INFO Microsoft.Hosting.Lifetime 
Application started. Press Ctrl+C to shut down.
--------------------------------
2022-03-07 21:09:27,916| INFO Microsoft.Hosting.Lifetime 
Hosting environment: Development
--------------------------------
2022-03-07 21:09:27,918| INFO Microsoft.Hosting.Lifetime 
Content root path: H:\桌面\NewProject\ShowTimeCode\ShowTimeCode\
--------------------------------
2022-03-07 21:16:48,942| INFO Microsoft.Hosting.Lifetime 
Now listening on: http://localhost:5140
--------------------------------
2022-03-07 21:16:48,951| INFO Microsoft.Hosting.Lifetime 
Application started. Press Ctrl+C to shut down.
--------------------------------
2022-03-07 21:16:48,953| INFO Microsoft.Hosting.Lifetime 
Hosting environment: Development
--------------------------------
2022-03-07 21:16:48,954| INFO Microsoft.Hosting.Lifetime 
Content root path: H:\桌面\NewProject\ShowTimeCode\ShowTimeCode\
--------------------------------
