2022-01-18 02:17:00,745| INFO Microsoft.Hosting.Lifetime 
Now listening on: http://localhost:5140
--------------------------------
2022-01-18 02:17:00,753| INFO Microsoft.Hosting.Lifetime 
Application started. Press Ctrl+C to shut down.
--------------------------------
2022-01-18 02:17:00,754| INFO Microsoft.Hosting.Lifetime 
Hosting environment: Development
--------------------------------
2022-01-18 02:17:00,756| INFO Microsoft.Hosting.Lifetime 
Content root path: H:\桌面\NewProject\ShowTimeCode\ShowTimeCode\
--------------------------------
2022-01-18 02:17:35,009| INFO Microsoft.Hosting.Lifetime 
Now listening on: http://localhost:5140
--------------------------------
2022-01-18 02:17:35,042| INFO Microsoft.Hosting.Lifetime 
Application started. Press Ctrl+C to shut down.
--------------------------------
2022-01-18 02:17:35,044| INFO Microsoft.Hosting.Lifetime 
Hosting environment: Development
--------------------------------
2022-01-18 02:17:35,046| INFO Microsoft.Hosting.Lifetime 
Content root path: H:\桌面\NewProject\ShowTimeCode\ShowTimeCode\
--------------------------------
2022-01-18 02:17:53,597| INFO Microsoft.Hosting.Lifetime 
Now listening on: http://localhost:5140
--------------------------------
2022-01-18 02:17:53,606| INFO Microsoft.Hosting.Lifetime 
Application started. Press Ctrl+C to shut down.
--------------------------------
2022-01-18 02:17:53,611| INFO Microsoft.Hosting.Lifetime 
Hosting environment: Development
--------------------------------
2022-01-18 02:17:53,612| INFO Microsoft.Hosting.Lifetime 
Content root path: H:\桌面\NewProject\ShowTimeCode\ShowTimeCode\
--------------------------------
2022-01-18 02:41:52,710| INFO Microsoft.Hosting.Lifetime 
Now listening on: http://localhost:5140
--------------------------------
2022-01-18 02:41:52,717| INFO Microsoft.Hosting.Lifetime 
Application started. Press Ctrl+C to shut down.
--------------------------------
2022-01-18 02:41:52,721| INFO Microsoft.Hosting.Lifetime 
Hosting environment: Development
--------------------------------
2022-01-18 02:41:52,723| INFO Microsoft.Hosting.Lifetime 
Content root path: H:\桌面\NewProject\ShowTimeCode\ShowTimeCode\
--------------------------------
2022-01-18 02:45:03,766| INFO Microsoft.Hosting.Lifetime 
Now listening on: http://localhost:5140
--------------------------------
2022-01-18 02:45:03,774| INFO Microsoft.Hosting.Lifetime 
Application started. Press Ctrl+C to shut down.
--------------------------------
2022-01-18 02:45:03,775| INFO Microsoft.Hosting.Lifetime 
Hosting environment: Development
--------------------------------
2022-01-18 02:45:03,777| INFO Microsoft.Hosting.Lifetime 
Content root path: H:\桌面\NewProject\ShowTimeCode\ShowTimeCode\
--------------------------------
2022-01-18 02:49:52,024| INFO Microsoft.Hosting.Lifetime 
Now listening on: http://localhost:5140
--------------------------------
2022-01-18 02:49:52,034| INFO Microsoft.Hosting.Lifetime 
Application started. Press Ctrl+C to shut down.
--------------------------------
2022-01-18 02:49:52,035| INFO Microsoft.Hosting.Lifetime 
Hosting environment: Development
--------------------------------
2022-01-18 02:49:52,038| INFO Microsoft.Hosting.Lifetime 
Content root path: H:\桌面\NewProject\ShowTimeCode\ShowTimeCode\
--------------------------------
2022-01-18 02:50:33,632| INFO Microsoft.Hosting.Lifetime 
Now listening on: http://localhost:5140
--------------------------------
2022-01-18 02:50:33,643| INFO Microsoft.Hosting.Lifetime 
Application started. Press Ctrl+C to shut down.
--------------------------------
2022-01-18 02:50:33,645| INFO Microsoft.Hosting.Lifetime 
Hosting environment: Development
--------------------------------
2022-01-18 02:50:33,648| INFO Microsoft.Hosting.Lifetime 
Content root path: H:\桌面\NewProject\ShowTimeCode\ShowTimeCode\
--------------------------------
2022-01-18 02:54:55,829| INFO Microsoft.Hosting.Lifetime 
Now listening on: http://localhost:5140
--------------------------------
2022-01-18 02:54:55,838| INFO Microsoft.Hosting.Lifetime 
Application started. Press Ctrl+C to shut down.
--------------------------------
2022-01-18 02:54:55,840| INFO Microsoft.Hosting.Lifetime 
Hosting environment: Development
--------------------------------
2022-01-18 02:54:55,843| INFO Microsoft.Hosting.Lifetime 
Content root path: H:\桌面\NewProject\ShowTimeCode\ShowTimeCode\
--------------------------------
2022-01-18 02:58:31,183| INFO Microsoft.Hosting.Lifetime 
Now listening on: http://localhost:5140
--------------------------------
2022-01-18 02:58:31,191| INFO Microsoft.Hosting.Lifetime 
Application started. Press Ctrl+C to shut down.
--------------------------------
2022-01-18 02:58:31,193| INFO Microsoft.Hosting.Lifetime 
Hosting environment: Development
--------------------------------
2022-01-18 02:58:31,196| INFO Microsoft.Hosting.Lifetime 
Content root path: H:\桌面\NewProject\ShowTimeCode\ShowTimeCode\
--------------------------------
2022-01-18 03:00:25,145| INFO Microsoft.Hosting.Lifetime 
Now listening on: http://localhost:5140
--------------------------------
2022-01-18 03:00:25,153| INFO Microsoft.Hosting.Lifetime 
Application started. Press Ctrl+C to shut down.
--------------------------------
2022-01-18 03:00:25,155| INFO Microsoft.Hosting.Lifetime 
Hosting environment: Development
--------------------------------
2022-01-18 03:00:25,158| INFO Microsoft.Hosting.Lifetime 
Content root path: H:\桌面\NewProject\ShowTimeCode\ShowTimeCode\
--------------------------------
2022-01-18 03:05:48,822| INFO Microsoft.Hosting.Lifetime 
Now listening on: http://localhost:5140
--------------------------------
2022-01-18 03:05:48,829| INFO Microsoft.Hosting.Lifetime 
Application started. Press Ctrl+C to shut down.
--------------------------------
2022-01-18 03:05:48,853| INFO Microsoft.Hosting.Lifetime 
Hosting environment: Development
--------------------------------
2022-01-18 03:05:48,903| INFO Microsoft.Hosting.Lifetime 
Content root path: H:\桌面\NewProject\ShowTimeCode\ShowTimeCode\
--------------------------------
2022-01-18 13:43:53,751| INFO Microsoft.Hosting.Lifetime 
Now listening on: http://localhost:5140
--------------------------------
2022-01-18 13:43:53,762| INFO Microsoft.Hosting.Lifetime 
Application started. Press Ctrl+C to shut down.
--------------------------------
2022-01-18 13:43:53,765| INFO Microsoft.Hosting.Lifetime 
Hosting environment: Development
--------------------------------
2022-01-18 13:43:53,766| INFO Microsoft.Hosting.Lifetime 
Content root path: H:\桌面\NewProject\ShowTimeCode\ShowTimeCode\
--------------------------------
2022-01-18 13:49:24,385| INFO Microsoft.Hosting.Lifetime 
Now listening on: http://localhost:5140
--------------------------------
2022-01-18 13:49:24,395| INFO Microsoft.Hosting.Lifetime 
Application started. Press Ctrl+C to shut down.
--------------------------------
2022-01-18 13:49:24,397| INFO Microsoft.Hosting.Lifetime 
Hosting environment: Development
--------------------------------
2022-01-18 13:49:24,398| INFO Microsoft.Hosting.Lifetime 
Content root path: H:\桌面\NewProject\ShowTimeCode\ShowTimeCode\
--------------------------------
