2022-01-16 19:07:20,783| INFO Microsoft.Hosting.Lifetime 
Now listening on: http://localhost:5140
--------------------------------
2022-01-16 19:07:20,805| INFO Microsoft.Hosting.Lifetime 
Application started. Press Ctrl+C to shut down.
--------------------------------
2022-01-16 19:07:20,807| INFO Microsoft.Hosting.Lifetime 
Hosting environment: Development
--------------------------------
2022-01-16 19:07:20,810| INFO Microsoft.Hosting.Lifetime 
Content root path: H:\桌面\ShowTimeCode\ShowTimeCode\
--------------------------------
2022-01-16 19:10:59,710| INFO Microsoft.Hosting.Lifetime 
Now listening on: http://localhost:5140
--------------------------------
2022-01-16 19:10:59,724| INFO Microsoft.Hosting.Lifetime 
Application started. Press Ctrl+C to shut down.
--------------------------------
2022-01-16 19:10:59,727| INFO Microsoft.Hosting.Lifetime 
Hosting environment: Development
--------------------------------
2022-01-16 19:10:59,728| INFO Microsoft.Hosting.Lifetime 
Content root path: H:\桌面\ShowTimeCode\ShowTimeCode\
--------------------------------
2022-01-16 19:13:20,488| INFO Microsoft.Hosting.Lifetime 
Now listening on: http://localhost:5140
--------------------------------
2022-01-16 19:13:20,499| INFO Microsoft.Hosting.Lifetime 
Application started. Press Ctrl+C to shut down.
--------------------------------
2022-01-16 19:13:20,501| INFO Microsoft.Hosting.Lifetime 
Hosting environment: Development
--------------------------------
2022-01-16 19:13:20,507| INFO Microsoft.Hosting.Lifetime 
Content root path: H:\桌面\ShowTimeCode\ShowTimeCode\
--------------------------------
