2022-01-19 14:54:07,292| INFO Microsoft.Hosting.Lifetime 
Now listening on: http://localhost:5140
--------------------------------
2022-01-19 14:54:07,301| INFO Microsoft.Hosting.Lifetime 
Application started. Press Ctrl+C to shut down.
--------------------------------
2022-01-19 14:54:07,304| INFO Microsoft.Hosting.Lifetime 
Hosting environment: Development
--------------------------------
2022-01-19 14:54:07,306| INFO Microsoft.Hosting.Lifetime 
Content root path: H:\桌面\NewProject\ShowTimeCode\ShowTimeCode\
--------------------------------
2022-01-19 14:56:56,380| INFO Microsoft.Hosting.Lifetime 
Now listening on: http://localhost:5140
--------------------------------
2022-01-19 14:56:56,390| INFO Microsoft.Hosting.Lifetime 
Application started. Press Ctrl+C to shut down.
--------------------------------
2022-01-19 14:56:56,392| INFO Microsoft.Hosting.Lifetime 
Hosting environment: Development
--------------------------------
2022-01-19 14:56:56,394| INFO Microsoft.Hosting.Lifetime 
Content root path: H:\桌面\NewProject\ShowTimeCode\ShowTimeCode\
--------------------------------
