2022-03-28 14:23:09,155| INFO Microsoft.Hosting.Lifetime 
Now listening on: http://localhost:5140
--------------------------------
2022-03-28 14:23:09,163| INFO Microsoft.Hosting.Lifetime 
Application started. Press Ctrl+C to shut down.
--------------------------------
2022-03-28 14:23:09,164| INFO Microsoft.Hosting.Lifetime 
Hosting environment: Development
--------------------------------
2022-03-28 14:23:09,166| INFO Microsoft.Hosting.Lifetime 
Content root path: H:\桌面\ShowTimeCode\ShowTimeCode\
--------------------------------
2022-03-28 14:23:37,814| INFO Microsoft.Hosting.Lifetime 
Now listening on: http://localhost:5140
--------------------------------
2022-03-28 14:23:37,822| INFO Microsoft.Hosting.Lifetime 
Application started. Press Ctrl+C to shut down.
--------------------------------
2022-03-28 14:23:37,824| INFO Microsoft.Hosting.Lifetime 
Hosting environment: Development
--------------------------------
2022-03-28 14:23:37,825| INFO Microsoft.Hosting.Lifetime 
Content root path: H:\桌面\ShowTimeCode\ShowTimeCode\
--------------------------------
2022-03-28 14:29:09,895| INFO Microsoft.Hosting.Lifetime 
Now listening on: http://localhost:5140
--------------------------------
2022-03-28 14:29:09,907| INFO Microsoft.Hosting.Lifetime 
Application started. Press Ctrl+C to shut down.
--------------------------------
2022-03-28 14:29:09,910| INFO Microsoft.Hosting.Lifetime 
Hosting environment: Development
--------------------------------
2022-03-28 14:29:09,914| INFO Microsoft.Hosting.Lifetime 
Content root path: H:\桌面\ShowTimeCode\ShowTimeCode\
--------------------------------
2022-03-28 14:36:22,067| INFO Microsoft.Hosting.Lifetime 
Now listening on: http://localhost:5140
--------------------------------
2022-03-28 14:36:22,078| INFO Microsoft.Hosting.Lifetime 
Application started. Press Ctrl+C to shut down.
--------------------------------
2022-03-28 14:36:22,079| INFO Microsoft.Hosting.Lifetime 
Hosting environment: Development
--------------------------------
2022-03-28 14:36:22,081| INFO Microsoft.Hosting.Lifetime 
Content root path: H:\桌面\ShowTimeCode\ShowTimeCode\
--------------------------------
