2022-02-16 05:15:58,844| INFO Microsoft.Hosting.Lifetime 
Now listening on: http://localhost:5140
--------------------------------
2022-02-16 05:15:58,851| INFO Microsoft.Hosting.Lifetime 
Application started. Press Ctrl+C to shut down.
--------------------------------
2022-02-16 05:15:58,853| INFO Microsoft.Hosting.Lifetime 
Hosting environment: Development
--------------------------------
2022-02-16 05:15:58,854| INFO Microsoft.Hosting.Lifetime 
Content root path: H:\桌面\NewProject\ShowTimeCode\ShowTimeCode\
--------------------------------
2022-02-16 05:17:28,163| INFO Microsoft.Hosting.Lifetime 
Now listening on: http://localhost:5140
--------------------------------
2022-02-16 05:17:28,170| INFO Microsoft.Hosting.Lifetime 
Application started. Press Ctrl+C to shut down.
--------------------------------
2022-02-16 05:17:28,171| INFO Microsoft.Hosting.Lifetime 
Hosting environment: Development
--------------------------------
2022-02-16 05:17:28,172| INFO Microsoft.Hosting.Lifetime 
Content root path: H:\桌面\NewProject\ShowTimeCode\ShowTimeCode\
--------------------------------
2022-02-16 05:28:00,551| INFO Microsoft.Hosting.Lifetime 
Now listening on: http://localhost:5140
--------------------------------
2022-02-16 05:28:00,562| INFO Microsoft.Hosting.Lifetime 
Application started. Press Ctrl+C to shut down.
--------------------------------
2022-02-16 05:28:00,564| INFO Microsoft.Hosting.Lifetime 
Hosting environment: Development
--------------------------------
2022-02-16 05:28:00,566| INFO Microsoft.Hosting.Lifetime 
Content root path: H:\桌面\NewProject\ShowTimeCode\ShowTimeCode\
--------------------------------
2022-02-16 05:29:37,843| INFO Microsoft.Hosting.Lifetime 
Now listening on: http://localhost:5140
--------------------------------
2022-02-16 05:29:37,852| INFO Microsoft.Hosting.Lifetime 
Application started. Press Ctrl+C to shut down.
--------------------------------
2022-02-16 05:29:37,853| INFO Microsoft.Hosting.Lifetime 
Hosting environment: Development
--------------------------------
2022-02-16 05:29:37,854| INFO Microsoft.Hosting.Lifetime 
Content root path: H:\桌面\NewProject\ShowTimeCode\ShowTimeCode\
--------------------------------
2022-02-16 05:36:42,471| INFO Microsoft.Hosting.Lifetime 
Now listening on: http://localhost:5140
--------------------------------
2022-02-16 05:36:42,479| INFO Microsoft.Hosting.Lifetime 
Application started. Press Ctrl+C to shut down.
--------------------------------
2022-02-16 05:36:42,480| INFO Microsoft.Hosting.Lifetime 
Hosting environment: Development
--------------------------------
2022-02-16 05:36:42,481| INFO Microsoft.Hosting.Lifetime 
Content root path: H:\桌面\NewProject\ShowTimeCode\ShowTimeCode\
--------------------------------
