2022-03-20 10:59:01,039| INFO Microsoft.Hosting.Lifetime 
Now listening on: http://localhost:5140
--------------------------------
2022-03-20 10:59:01,051| INFO Microsoft.Hosting.Lifetime 
Application started. Press Ctrl+C to shut down.
--------------------------------
2022-03-20 10:59:01,053| INFO Microsoft.Hosting.Lifetime 
Hosting environment: Development
--------------------------------
2022-03-20 10:59:01,055| INFO Microsoft.Hosting.Lifetime 
Content root path: H:\桌面\ShowTimeCode\ShowTimeCode\
--------------------------------
2022-03-20 11:02:54,972| INFO Microsoft.Hosting.Lifetime 
Now listening on: http://localhost:5140
--------------------------------
2022-03-20 11:02:54,988| INFO Microsoft.Hosting.Lifetime 
Application started. Press Ctrl+C to shut down.
--------------------------------
2022-03-20 11:02:54,990| INFO Microsoft.Hosting.Lifetime 
Hosting environment: Development
--------------------------------
2022-03-20 11:02:54,999| INFO Microsoft.Hosting.Lifetime 
Content root path: H:\桌面\ShowTimeCode\ShowTimeCode\
--------------------------------
